<?xml version="1.0" encoding="UTF-8"?>
<testsuite xmlns:xsi="http://www.w3.org/2001/XMLSchema-instance" xsi:noNamespaceSchemaLocation="https://maven.apache.org/surefire/maven-surefire-plugin/xsd/surefire-test-report.xsd" version="3.0.2" name="frp.utn.tp.ArchitectureTest" time="30.196" tests="7" errors="0" skipped="0" failures="1">
  <properties>
    <property name="java.specification.version" value="21"/>
    <property name="sun.jnu.encoding" value="UTF-8"/>
    <property name="java.class.path" value="/home/TUP/Escritorio/Projects/TUP/todo-app/target/test-classes:/home/TUP/Escritorio/Projects/TUP/todo-app/target/classes:/home/TUP/.m2/repository/com/vaadin/vaadin/24.8.0/vaadin-24.8.0.jar:/home/TUP/.m2/repository/com/vaadin/vaadin-internal/24.8.0/vaadin-internal-24.8.0.jar:/home/TUP/.m2/repository/com/vaadin/vaadin-core-internal/24.8.0/vaadin-core-internal-24.8.0.jar:/home/TUP/.m2/repository/com/vaadin/flow-lit-template/24.8.0/flow-lit-template-24.8.0.jar:/home/TUP/.m2/repository/com/vaadin/flow-react/24.8.0/flow-react-24.8.0.jar:/home/TUP/.m2/repository/com/vaadin/flow-html-components/24.8.0/flow-html-components-24.8.0.jar:/home/TUP/.m2/repository/com/vaadin/flow-data/24.8.0/flow-data-24.8.0.jar:/home/TUP/.m2/repository/com/vaadin/flow-dnd/24.8.0/flow-dnd-24.8.0.jar:/home/TUP/.m2/repository/com/vaadin/vaadin-lumo-theme/24.8.0/vaadin-lumo-theme-24.8.0.jar:/home/TUP/.m2/repository/com/vaadin/vaadin-material-theme/24.8.0/vaadin-material-theme-24.8.0.jar:/home/TUP/.m2/repository/com/vaadin/vaadin-core-components/24.8.0/vaadin-core-components-24.8.0.jar:/home/TUP/.m2/repository/com/vaadin/vaadin-accordion-flow/24.8.0/vaadin-accordion-flow-24.8.0.jar:/home/TUP/.m2/repository/com/vaadin/vaadin-avatar-flow/24.8.0/vaadin-avatar-flow-24.8.0.jar:/home/TUP/.m2/repository/com/vaadin/vaadin-card-flow/24.8.0/vaadin-card-flow-24.8.0.jar:/home/TUP/.m2/repository/com/vaadin/vaadin-checkbox-flow/24.8.0/vaadin-checkbox-flow-24.8.0.jar:/home/TUP/.m2/repository/com/vaadin/vaadin-combo-box-flow/24.8.0/vaadin-combo-box-flow-24.8.0.jar:/home/TUP/.m2/repository/com/vaadin/vaadin-confirm-dialog-flow/24.8.0/vaadin-confirm-dialog-flow-24.8.0.jar:/home/TUP/.m2/repository/com/vaadin/vaadin-custom-field-flow/24.8.0/vaadin-custom-field-flow-24.8.0.jar:/home/TUP/.m2/repository/com/vaadin/vaadin-date-picker-flow/24.8.0/vaadin-date-picker-flow-24.8.0.jar:/home/TUP/.m2/repository/com/vaadin/vaadin-date-time-picker-flow/24.8.0/vaadin-date-time-picker-flow-24.8.0.jar:/home/TUP/.m2/repository/com/vaadin/vaadin-details-flow/24.8.0/vaadin-details-flow-24.8.0.jar:/home/TUP/.m2/repository/com/vaadin/vaadin-time-picker-flow/24.8.0/vaadin-time-picker-flow-24.8.0.jar:/home/TUP/.m2/repository/com/vaadin/vaadin-select-flow/24.8.0/vaadin-select-flow-24.8.0.jar:/home/TUP/.m2/repository/com/vaadin/vaadin-side-nav-flow/24.8.0/vaadin-side-nav-flow-24.8.0.jar:/home/TUP/.m2/repository/com/vaadin/vaadin-dialog-flow/24.8.0/vaadin-dialog-flow-24.8.0.jar:/home/TUP/.m2/repository/com/vaadin/vaadin-form-layout-flow/24.8.0/vaadin-form-layout-flow-24.8.0.jar:/home/TUP/.m2/repository/com/vaadin/vaadin-field-highlighter-flow/24.8.0/vaadin-field-highlighter-flow-24.8.0.jar:/home/TUP/.m2/repository/com/vaadin/vaadin-virtual-list-flow/24.8.0/vaadin-virtual-list-flow-24.8.0.jar:/home/TUP/.m2/repository/com/vaadin/vaadin-list-box-flow/24.8.0/vaadin-list-box-flow-24.8.0.jar:/home/TUP/.m2/repository/com/vaadin/vaadin-login-flow/24.8.0/vaadin-login-flow-24.8.0.jar:/home/TUP/.m2/repository/com/vaadin/vaadin-markdown-flow/24.8.0/vaadin-markdown-flow-24.8.0.jar:/home/TUP/.m2/repository/com/vaadin/vaadin-master-detail-layout-flow/24.8.0/vaadin-master-detail-layout-flow-24.8.0.jar:/home/TUP/.m2/repository/com/vaadin/vaadin-messages-flow/24.8.0/vaadin-messages-flow-24.8.0.jar:/home/TUP/.m2/repository/com/vaadin/vaadin-progress-bar-flow/24.8.0/vaadin-progress-bar-flow-24.8.0.jar:/home/TUP/.m2/repository/com/vaadin/vaadin-popover-flow/24.8.0/vaadin-popover-flow-24.8.0.jar:/home/TUP/.m2/repository/com/vaadin/vaadin-radio-button-flow/24.8.0/vaadin-radio-button-flow-24.8.0.jar:/home/TUP/.m2/repository/com/vaadin/vaadin-split-layout-flow/24.8.0/vaadin-split-layout-flow-24.8.0.jar:/home/TUP/.m2/repository/com/vaadin/vaadin-tabs-flow/24.8.0/vaadin-tabs-flow-24.8.0.jar:/home/TUP/.m2/repository/com/vaadin/vaadin-upload-flow/24.8.0/vaadin-upload-flow-24.8.0.jar:/home/TUP/.m2/repository/com/vaadin/vaadin-app-layout-flow/24.8.0/vaadin-app-layout-flow-24.8.0.jar:/home/TUP/.m2/repository/com/vaadin/vaadin-context-menu-flow/24.8.0/vaadin-context-menu-flow-24.8.0.jar:/home/TUP/.m2/repository/com/vaadin/vaadin-menu-bar-flow/24.8.0/vaadin-menu-bar-flow-24.8.0.jar:/home/TUP/.m2/repository/com/vaadin/collaboration-engine/6.4.0/collaboration-engine-6.4.0.jar:/home/TUP/.m2/repository/com/vaadin/vaadin-board-flow/24.8.0/vaadin-board-flow-24.8.0.jar:/home/TUP/.m2/repository/com/vaadin/vaadin-charts-flow/24.8.0/vaadin-charts-flow-24.8.0.jar:/home/TUP/.m2/repository/com/vaadin/vaadin-cookie-consent-flow/24.8.0/vaadin-cookie-consent-flow-24.8.0.jar:/home/TUP/.m2/repository/com/vaadin/vaadin-crud-flow/24.8.0/vaadin-crud-flow-24.8.0.jar:/home/TUP/.m2/repository/com/vaadin/vaadin-grid-flow/24.8.0/vaadin-grid-flow-24.8.0.jar:/home/TUP/.m2/repository/org/apache/commons/commons-lang3/3.17.0/commons-lang3-3.17.0.jar:/home/TUP/.m2/repository/com/vaadin/vaadin-text-field-flow/24.8.0/vaadin-text-field-flow-24.8.0.jar:/home/TUP/.m2/repository/com/vaadin/vaadin-dashboard-flow/24.8.0/vaadin-dashboard-flow-24.8.0.jar:/home/TUP/.m2/repository/com/vaadin/vaadin-grid-pro-flow/24.8.0/vaadin-grid-pro-flow-24.8.0.jar:/home/TUP/.m2/repository/com/vaadin/vaadin-map-flow/24.8.0/vaadin-map-flow-24.8.0.jar:/home/TUP/.m2/repository/com/vaadin/vaadin-rich-text-editor-flow/24.8.0/vaadin-rich-text-editor-flow-24.8.0.jar:/home/TUP/.m2/repository/com/vaadin/vaadin-core/24.8.0/vaadin-core-24.8.0.jar:/home/TUP/.m2/repository/com/vaadin/vaadin-dev/24.8.0/vaadin-dev-24.8.0.jar:/home/TUP/.m2/repository/com/vaadin/vaadin-dev-server/24.8.0/vaadin-dev-server-24.8.0.jar:/home/TUP/.m2/repository/com/vaadin/license-checker/1.13.4/license-checker-1.13.4.jar:/home/TUP/.m2/repository/com/github/oshi/oshi-core/6.6.5/oshi-core-6.6.5.jar:/home/TUP/.m2/repository/net/java/dev/jna/jna-platform/5.15.0/jna-platform-5.15.0.jar:/home/TUP/.m2/repository/org/lucee/jcip-annotations/1.0.0/jcip-annotations-1.0.0.jar:/home/TUP/.m2/repository/com/vaadin/open/8.5.0.4/open-8.5.0.4.jar:/home/TUP/.m2/repository/com/github/javaparser/javaparser-core/3.26.4/javaparser-core-3.26.4.jar:/home/TUP/.m2/repository/io/methvin/directory-watcher/0.19.0/directory-watcher-0.19.0.jar:/home/TUP/.m2/repository/com/vaadin/vaadin-dev-bundle/24.8.0/vaadin-dev-bundle-24.8.0.jar:/home/TUP/.m2/repository/com/vaadin/hilla-dev/24.8.0/hilla-dev-24.8.0.jar:/home/TUP/.m2/repository/com/vaadin/copilot/24.8.0/copilot-24.8.0.jar:/home/TUP/.m2/repository/io/projectreactor/netty/reactor-netty/1.2.7/reactor-netty-1.2.7.jar:/home/TUP/.m2/repository/io/projectreactor/netty/reactor-netty-core/1.2.7/reactor-netty-core-1.2.7.jar:/home/TUP/.m2/repository/io/projectreactor/netty/reactor-netty-http/1.2.7/reactor-netty-http-1.2.7.jar:/home/TUP/.m2/repository/io/netty/netty-all/4.1.122.Final/netty-all-4.1.122.Final.jar:/home/TUP/.m2/repository/io/netty/netty-buffer/4.1.122.Final/netty-buffer-4.1.122.Final.jar:/home/TUP/.m2/repository/io/netty/netty-codec/4.1.122.Final/netty-codec-4.1.122.Final.jar:/home/TUP/.m2/repository/io/netty/netty-codec-dns/4.1.122.Final/netty-codec-dns-4.1.122.Final.jar:/home/TUP/.m2/repository/io/netty/netty-codec-haproxy/4.1.122.Final/netty-codec-haproxy-4.1.122.Final.jar:/home/TUP/.m2/repository/io/netty/netty-codec-http/4.1.122.Final/netty-codec-http-4.1.122.Final.jar:/home/TUP/.m2/repository/io/netty/netty-codec-http2/4.1.122.Final/netty-codec-http2-4.1.122.Final.jar:/home/TUP/.m2/repository/io/netty/netty-codec-memcache/4.1.122.Final/netty-codec-memcache-4.1.122.Final.jar:/home/TUP/.m2/repository/io/netty/netty-codec-mqtt/4.1.122.Final/netty-codec-mqtt-4.1.122.Final.jar:/home/TUP/.m2/repository/io/netty/netty-codec-redis/4.1.122.Final/netty-codec-redis-4.1.122.Final.jar:/home/TUP/.m2/repository/io/netty/netty-codec-smtp/4.1.122.Final/netty-codec-smtp-4.1.122.Final.jar:/home/TUP/.m2/repository/io/netty/netty-codec-socks/4.1.122.Final/netty-codec-socks-4.1.122.Final.jar:/home/TUP/.m2/repository/io/netty/netty-codec-stomp/4.1.122.Final/netty-codec-stomp-4.1.122.Final.jar:/home/TUP/.m2/repository/io/netty/netty-codec-xml/4.1.122.Final/netty-codec-xml-4.1.122.Final.jar:/home/TUP/.m2/repository/io/netty/netty-common/4.1.122.Final/netty-common-4.1.122.Final.jar:/home/TUP/.m2/repository/io/netty/netty-handler/4.1.122.Final/netty-handler-4.1.122.Final.jar:/home/TUP/.m2/repository/io/netty/netty-transport-native-unix-common/4.1.122.Final/netty-transport-native-unix-common-4.1.122.Final.jar:/home/TUP/.m2/repository/io/netty/netty-handler-proxy/4.1.122.Final/netty-handler-proxy-4.1.122.Final.jar:/home/TUP/.m2/repository/io/netty/netty-handler-ssl-ocsp/4.1.122.Final/netty-handler-ssl-ocsp-4.1.122.Final.jar:/home/TUP/.m2/repository/io/netty/netty-resolver/4.1.122.Final/netty-resolver-4.1.122.Final.jar:/home/TUP/.m2/repository/io/netty/netty-resolver-dns/4.1.122.Final/netty-resolver-dns-4.1.122.Final.jar:/home/TUP/.m2/repository/io/netty/netty-transport/4.1.122.Final/netty-transport-4.1.122.Final.jar:/home/TUP/.m2/repository/io/netty/netty-transport-rxtx/4.1.122.Final/netty-transport-rxtx-4.1.122.Final.jar:/home/TUP/.m2/repository/io/netty/netty-transport-sctp/4.1.122.Final/netty-transport-sctp-4.1.122.Final.jar:/home/TUP/.m2/repository/io/netty/netty-transport-udt/4.1.122.Final/netty-transport-udt-4.1.122.Final.jar:/home/TUP/.m2/repository/io/netty/netty-transport-classes-epoll/4.1.122.Final/netty-transport-classes-epoll-4.1.122.Final.jar:/home/TUP/.m2/repository/io/netty/netty-transport-classes-kqueue/4.1.122.Final/netty-transport-classes-kqueue-4.1.122.Final.jar:/home/TUP/.m2/repository/io/netty/netty-resolver-dns-classes-macos/4.1.122.Final/netty-resolver-dns-classes-macos-4.1.122.Final.jar:/home/TUP/.m2/repository/io/netty/netty-transport-native-epoll/4.1.122.Final/netty-transport-native-epoll-4.1.122.Final-linux-x86_64.jar:/home/TUP/.m2/repository/io/netty/netty-transport-native-epoll/4.1.122.Final/netty-transport-native-epoll-4.1.122.Final-linux-aarch_64.jar:/home/TUP/.m2/repository/io/netty/netty-transport-native-epoll/4.1.122.Final/netty-transport-native-epoll-4.1.122.Final-linux-riscv64.jar:/home/TUP/.m2/repository/io/netty/netty-transport-native-kqueue/4.1.122.Final/netty-transport-native-kqueue-4.1.122.Final-osx-x86_64.jar:/home/TUP/.m2/repository/io/netty/netty-transport-native-kqueue/4.1.122.Final/netty-transport-native-kqueue-4.1.122.Final-osx-aarch_64.jar:/home/TUP/.m2/repository/io/netty/netty-resolver-dns-native-macos/4.1.122.Final/netty-resolver-dns-native-macos-4.1.122.Final-osx-x86_64.jar:/home/TUP/.m2/repository/io/netty/netty-resolver-dns-native-macos/4.1.122.Final/netty-resolver-dns-native-macos-4.1.122.Final-osx-aarch_64.jar:/home/TUP/.m2/repository/org/apache/commons/commons-configuration2/2.12.0/commons-configuration2-2.12.0.jar:/home/TUP/.m2/repository/org/apache/commons/commons-text/1.13.1/commons-text-1.13.1.jar:/home/TUP/.m2/repository/com/vaadin/ui-tests/1.1.5/ui-tests-1.1.5.jar:/home/TUP/.m2/repository/com/vaadin/vaadin-spring-boot-starter/24.8.0/vaadin-spring-boot-starter-24.8.0.jar:/home/TUP/.m2/repository/com/vaadin/vaadin-spring/24.8.0/vaadin-spring-24.8.0.jar:/home/TUP/.m2/repository/com/vaadin/flow-server/24.8.0/flow-server-24.8.0.jar:/home/TUP/.m2/repository/com/vaadin/signals/24.8.0/signals-24.8.0.jar:/home/TUP/.m2/repository/com/vaadin/servletdetector/throw-if-servlet3/1.0.2/throw-if-servlet3-1.0.2.jar:/home/TUP/.m2/repository/org/jspecify/jspecify/1.0.0/jspecify-1.0.0.jar:/home/TUP/.m2/repository/com/vaadin/external/gwt/gwt-elemental/2.8.2.vaadin2/gwt-elemental-2.8.2.vaadin2.jar:/home/TUP/.m2/repository/org/apache/commons/commons-fileupload2-jakarta-servlet6/2.0.0-M4/commons-fileupload2-jakarta-servlet6-2.0.0-M4.jar:/home/TUP/.m2/repository/org/apache/commons/commons-fileupload2-core/2.0.0-M4/commons-fileupload2-core-2.0.0-M4.jar:/home/TUP/.m2/repository/commons-io/commons-io/2.19.0/commons-io-2.19.0.jar:/home/TUP/.m2/repository/com/fasterxml/jackson/core/jackson-core/2.19.1/jackson-core-2.19.1.jar:/home/TUP/.m2/repository/org/jsoup/jsoup/1.20.1/jsoup-1.20.1.jar:/home/TUP/.m2/repository/com/helger/ph-css/7.0.4/ph-css-7.0.4.jar:/home/TUP/.m2/repository/com/helger/commons/ph-commons/11.2.0/ph-commons-11.2.0.jar:/home/TUP/.m2/repository/org/ow2/asm/asm/9.8/asm-9.8.jar:/home/TUP/.m2/repository/com/vaadin/external/gentyref/1.2.0.vaadin1/gentyref-1.2.0.vaadin1.jar:/home/TUP/.m2/repository/com/vaadin/flow-push/24.8.0/flow-push-24.8.0.jar:/home/TUP/.m2/repository/com/vaadin/external/atmosphere/atmosphere-runtime/3.0.5.slf4jvaadin1/atmosphere-runtime-3.0.5.slf4jvaadin1.jar:/home/TUP/.m2/repository/com/vaadin/flow-client/24.8.0/flow-client-24.8.0.jar:/home/TUP/.m2/repository/org/springframework/spring-webmvc/6.2.8/spring-webmvc-6.2.8.jar:/home/TUP/.m2/repository/org/springframework/spring-websocket/6.2.8/spring-websocket-6.2.8.jar:/home/TUP/.m2/repository/org/reflections/reflections/0.10.2/reflections-0.10.2.jar:/home/TUP/.m2/repository/com/google/code/findbugs/jsr305/3.0.2/jsr305-3.0.2.jar:/home/TUP/.m2/repository/org/javassist/javassist/3.30.2-GA/javassist-3.30.2-GA.jar:/home/TUP/.m2/repository/com/vaadin/hilla/24.8.0/hilla-24.8.0.jar:/home/TUP/.m2/repository/com/vaadin/hilla-endpoint/24.8.0/hilla-endpoint-24.8.0.jar:/home/TUP/.m2/repository/com/vaadin/hilla-engine-core/24.8.0/hilla-engine-core-24.8.0.jar:/home/TUP/.m2/repository/com/vaadin/hilla-parser-jvm-core/24.8.0/hilla-parser-jvm-core-24.8.0.jar:/home/TUP/.m2/repository/io/github/classgraph/classgraph/4.8.179/classgraph-4.8.179.jar:/home/TUP/.m2/repository/com/fasterxml/jackson/dataformat/jackson-dataformat-yaml/2.19.1/jackson-dataformat-yaml-2.19.1.jar:/home/TUP/.m2/repository/com/vaadin/hilla-parser-jvm-plugin-backbone/24.8.0/hilla-parser-jvm-plugin-backbone-24.8.0.jar:/home/TUP/.m2/repository/com/vaadin/hilla-parser-jvm-plugin-nonnull/24.8.0/hilla-parser-jvm-plugin-nonnull-24.8.0.jar:/home/TUP/.m2/repository/com/vaadin/hilla-parser-jvm-plugin-nonnull-kotlin/24.8.0/hilla-parser-jvm-plugin-nonnull-kotlin-24.8.0.jar:/home/TUP/.m2/repository/org/jetbrains/kotlin/kotlin-reflect/1.9.25/kotlin-reflect-1.9.25.jar:/home/TUP/.m2/repository/org/jetbrains/kotlin/kotlin-stdlib/1.9.25/kotlin-stdlib-1.9.25.jar:/home/TUP/.m2/repository/com/vaadin/hilla-parser-jvm-plugin-subtypes/24.8.0/hilla-parser-jvm-plugin-subtypes-24.8.0.jar:/home/TUP/.m2/repository/com/vaadin/hilla-parser-jvm-plugin-model/24.8.0/hilla-parser-jvm-plugin-model-24.8.0.jar:/home/TUP/.m2/repository/com/vaadin/hilla-parser-jvm-plugin-transfertypes/24.8.0/hilla-parser-jvm-plugin-transfertypes-24.8.0.jar:/home/TUP/.m2/repository/io/projectreactor/reactor-core/3.7.7/reactor-core-3.7.7.jar:/home/TUP/.m2/repository/org/reactivestreams/reactive-streams/1.0.4/reactive-streams-1.0.4.jar:/home/TUP/.m2/repository/com/fasterxml/jackson/module/jackson-module-parameter-names/2.19.1/jackson-module-parameter-names-2.19.1.jar:/home/TUP/.m2/repository/com/fasterxml/jackson/datatype/jackson-datatype-jdk8/2.19.1/jackson-datatype-jdk8-2.19.1.jar:/home/TUP/.m2/repository/com/github/javaparser/javaparser-symbol-solver-core/3.26.4/javaparser-symbol-solver-core-3.26.4.jar:/home/TUP/.m2/repository/com/google/guava/guava/33.4.0-jre/guava-33.4.0-jre.jar:/home/TUP/.m2/repository/com/google/guava/failureaccess/1.0.2/failureaccess-1.0.2.jar:/home/TUP/.m2/repository/com/google/guava/listenablefuture/9999.0-empty-to-avoid-conflict-with-guava/listenablefuture-9999.0-empty-to-avoid-conflict-with-guava.jar:/home/TUP/.m2/repository/com/google/errorprone/error_prone_annotations/2.36.0/error_prone_annotations-2.36.0.jar:/home/TUP/.m2/repository/com/google/j2objc/j2objc-annotations/3.0.0/j2objc-annotations-3.0.0.jar:/home/TUP/.m2/repository/com/vaadin/hilla-parser-jvm-utils/24.8.0/hilla-parser-jvm-utils-24.8.0.jar:/home/TUP/.m2/repository/io/swagger/core/v3/swagger-core-jakarta/2.2.32/swagger-core-jakarta-2.2.32.jar:/home/TUP/.m2/repository/io/swagger/core/v3/swagger-annotations-jakarta/2.2.32/swagger-annotations-jakarta-2.2.32.jar:/home/TUP/.m2/repository/io/swagger/core/v3/swagger-models-jakarta/2.2.32/swagger-models-jakarta-2.2.32.jar:/home/TUP/.m2/repository/com/vaadin/hilla-runtime-plugin-transfertypes/24.8.0/hilla-runtime-plugin-transfertypes-24.8.0.jar:/home/TUP/.m2/repository/com/vaadin/hilla-engine-runtime/24.8.0/hilla-engine-runtime-24.8.0.jar:/home/TUP/.m2/repository/org/springframework/boot/spring-boot-starter-web/3.5.3/spring-boot-starter-web-3.5.3.jar:/home/TUP/.m2/repository/org/springframework/boot/spring-boot-starter-json/3.5.3/spring-boot-starter-json-3.5.3.jar:/home/TUP/.m2/repository/org/springframework/boot/spring-boot-starter-tomcat/3.5.3/spring-boot-starter-tomcat-3.5.3.jar:/home/TUP/.m2/repository/org/apache/tomcat/embed/tomcat-embed-core/10.1.42/tomcat-embed-core-10.1.42.jar:/home/TUP/.m2/repository/org/apache/tomcat/embed/tomcat-embed-websocket/10.1.42/tomcat-embed-websocket-10.1.42.jar:/home/TUP/.m2/repository/org/springframework/spring-web/6.2.8/spring-web-6.2.8.jar:/home/TUP/.m2/repository/com/vaadin/control-center-starter/1.3.0/control-center-starter-1.3.0.jar:/home/TUP/.m2/repository/com/vaadin/vaadin-button-flow/24.8.0/vaadin-button-flow-24.8.0.jar:/home/TUP/.m2/repository/com/vaadin/vaadin-flow-components-base/24.8.0/vaadin-flow-components-base-24.8.0.jar:/home/TUP/.m2/repository/com/vaadin/vaadin-icons-flow/24.8.0/vaadin-icons-flow-24.8.0.jar:/home/TUP/.m2/repository/com/vaadin/vaadin-notification-flow/24.8.0/vaadin-notification-flow-24.8.0.jar:/home/TUP/.m2/repository/com/vaadin/vaadin-renderer-flow/24.8.0/vaadin-renderer-flow-24.8.0.jar:/home/TUP/.m2/repository/com/vaadin/vaadin-ordered-layout-flow/24.8.0/vaadin-ordered-layout-flow-24.8.0.jar:/home/TUP/.m2/repository/org/springframework/boot/spring-boot-autoconfigure/3.5.3/spring-boot-autoconfigure-3.5.3.jar:/home/TUP/.m2/repository/org/springframework/boot/spring-boot-starter-oauth2-client/3.5.3/spring-boot-starter-oauth2-client-3.5.3.jar:/home/TUP/.m2/repository/org/springframework/security/spring-security-oauth2-client/6.5.1/spring-security-oauth2-client-6.5.1.jar:/home/TUP/.m2/repository/org/springframework/security/spring-security-oauth2-core/6.5.1/spring-security-oauth2-core-6.5.1.jar:/home/TUP/.m2/repository/com/nimbusds/oauth2-oidc-sdk/9.43.6/oauth2-oidc-sdk-9.43.6.jar:/home/TUP/.m2/repository/com/github/stephenc/jcip/jcip-annotations/1.0-1/jcip-annotations-1.0-1.jar:/home/TUP/.m2/repository/com/nimbusds/content-type/2.2/content-type-2.2.jar:/home/TUP/.m2/repository/com/nimbusds/lang-tag/1.7/lang-tag-1.7.jar:/home/TUP/.m2/repository/org/springframework/security/spring-security-oauth2-jose/6.5.1/spring-security-oauth2-jose-6.5.1.jar:/home/TUP/.m2/repository/com/nimbusds/nimbus-jose-jwt/9.37.3/nimbus-jose-jwt-9.37.3.jar:/home/TUP/.m2/repository/org/springframework/cloud/spring-cloud-starter-bootstrap/4.3.0/spring-cloud-starter-bootstrap-4.3.0.jar:/home/TUP/.m2/repository/org/springframework/cloud/spring-cloud-starter/4.3.0/spring-cloud-starter-4.3.0.jar:/home/TUP/.m2/repository/org/springframework/cloud/spring-cloud-context/4.3.0/spring-cloud-context-4.3.0.jar:/home/TUP/.m2/repository/org/springframework/cloud/spring-cloud-commons/4.3.0/spring-cloud-commons-4.3.0.jar:/home/TUP/.m2/repository/org/bouncycastle/bcprov-jdk18on/1.80/bcprov-jdk18on-1.80.jar:/home/TUP/.m2/repository/org/springframework/cloud/spring-cloud-starter-kubernetes-fabric8-config/3.3.0/spring-cloud-starter-kubernetes-fabric8-config-3.3.0.jar:/home/TUP/.m2/repository/org/springframework/cloud/spring-cloud-kubernetes-fabric8-config/3.3.0/spring-cloud-kubernetes-fabric8-config-3.3.0.jar:/home/TUP/.m2/repository/io/fabric8/kubernetes-client/7.3.1/kubernetes-client-7.3.1.jar:/home/TUP/.m2/repository/io/fabric8/kubernetes-client-api/7.3.1/kubernetes-client-api-7.3.1.jar:/home/TUP/.m2/repository/io/fabric8/kubernetes-model-core/7.3.1/kubernetes-model-core-7.3.1.jar:/home/TUP/.m2/repository/io/fabric8/kubernetes-model-common/7.3.1/kubernetes-model-common-7.3.1.jar:/home/TUP/.m2/repository/io/fabric8/kubernetes-model-gatewayapi/7.3.1/kubernetes-model-gatewayapi-7.3.1.jar:/home/TUP/.m2/repository/io/fabric8/kubernetes-model-resource/7.3.1/kubernetes-model-resource-7.3.1.jar:/home/TUP/.m2/repository/io/fabric8/kubernetes-model-rbac/7.3.1/kubernetes-model-rbac-7.3.1.jar:/home/TUP/.m2/repository/io/fabric8/kubernetes-model-admissionregistration/7.3.1/kubernetes-model-admissionregistration-7.3.1.jar:/home/TUP/.m2/repository/io/fabric8/kubernetes-model-apps/7.3.1/kubernetes-model-apps-7.3.1.jar:/home/TUP/.m2/repository/io/fabric8/kubernetes-model-autoscaling/7.3.1/kubernetes-model-autoscaling-7.3.1.jar:/home/TUP/.m2/repository/io/fabric8/kubernetes-model-apiextensions/7.3.1/kubernetes-model-apiextensions-7.3.1.jar:/home/TUP/.m2/repository/io/fabric8/kubernetes-model-batch/7.3.1/kubernetes-model-batch-7.3.1.jar:/home/TUP/.m2/repository/io/fabric8/kubernetes-model-certificates/7.3.1/kubernetes-model-certificates-7.3.1.jar:/home/TUP/.m2/repository/io/fabric8/kubernetes-model-coordination/7.3.1/kubernetes-model-coordination-7.3.1.jar:/home/TUP/.m2/repository/io/fabric8/kubernetes-model-discovery/7.3.1/kubernetes-model-discovery-7.3.1.jar:/home/TUP/.m2/repository/io/fabric8/kubernetes-model-events/7.3.1/kubernetes-model-events-7.3.1.jar:/home/TUP/.m2/repository/io/fabric8/kubernetes-model-extensions/7.3.1/kubernetes-model-extensions-7.3.1.jar:/home/TUP/.m2/repository/io/fabric8/kubernetes-model-flowcontrol/7.3.1/kubernetes-model-flowcontrol-7.3.1.jar:/home/TUP/.m2/repository/io/fabric8/kubernetes-model-networking/7.3.1/kubernetes-model-networking-7.3.1.jar:/home/TUP/.m2/repository/io/fabric8/kubernetes-model-metrics/7.3.1/kubernetes-model-metrics-7.3.1.jar:/home/TUP/.m2/repository/io/fabric8/kubernetes-model-policy/7.3.1/kubernetes-model-policy-7.3.1.jar:/home/TUP/.m2/repository/io/fabric8/kubernetes-model-scheduling/7.3.1/kubernetes-model-scheduling-7.3.1.jar:/home/TUP/.m2/repository/io/fabric8/kubernetes-model-storageclass/7.3.1/kubernetes-model-storageclass-7.3.1.jar:/home/TUP/.m2/repository/io/fabric8/kubernetes-model-node/7.3.1/kubernetes-model-node-7.3.1.jar:/home/TUP/.m2/repository/org/snakeyaml/snakeyaml-engine/2.9/snakeyaml-engine-2.9.jar:/home/TUP/.m2/repository/io/fabric8/kubernetes-httpclient-vertx/7.3.1/kubernetes-httpclient-vertx-7.3.1.jar:/home/TUP/.m2/repository/io/vertx/vertx-core/4.5.14/vertx-core-4.5.14.jar:/home/TUP/.m2/repository/io/vertx/vertx-web-client/4.5.14/vertx-web-client-4.5.14.jar:/home/TUP/.m2/repository/io/vertx/vertx-web-common/4.5.14/vertx-web-common-4.5.14.jar:/home/TUP/.m2/repository/io/vertx/vertx-auth-common/4.5.14/vertx-auth-common-4.5.14.jar:/home/TUP/.m2/repository/io/fabric8/zjsonpatch/7.3.1/zjsonpatch-7.3.1.jar:/home/TUP/.m2/repository/org/springframework/cloud/spring-cloud-kubernetes-fabric8-autoconfig/3.3.0/spring-cloud-kubernetes-fabric8-autoconfig-3.3.0.jar:/home/TUP/.m2/repository/org/springframework/cloud/spring-cloud-kubernetes-commons/3.3.0/spring-cloud-kubernetes-commons-3.3.0.jar:/home/TUP/.m2/repository/com/squareup/okhttp3/okhttp/4.12.0/okhttp-4.12.0.jar:/home/TUP/.m2/repository/com/squareup/okio/okio/3.6.0/okio-3.6.0.jar:/home/TUP/.m2/repository/com/squareup/okio/okio-jvm/3.6.0/okio-jvm-3.6.0.jar:/home/TUP/.m2/repository/org/jetbrains/kotlin/kotlin-stdlib-common/1.9.25/kotlin-stdlib-common-1.9.25.jar:/home/TUP/.m2/repository/org/jetbrains/kotlin/kotlin-stdlib-jdk8/1.9.25/kotlin-stdlib-jdk8-1.9.25.jar:/home/TUP/.m2/repository/org/jetbrains/kotlin/kotlin-stdlib-jdk7/1.9.25/kotlin-stdlib-jdk7-1.9.25.jar:/home/TUP/.m2/repository/com/squareup/okhttp3/logging-interceptor/4.12.0/logging-interceptor-4.12.0.jar:/home/TUP/.m2/repository/org/springframework/retry/spring-retry/2.0.12/spring-retry-2.0.12.jar:/home/TUP/.m2/repository/org/springframework/boot/spring-boot-starter-aop/3.5.3/spring-boot-starter-aop-3.5.3.jar:/home/TUP/.m2/repository/org/springframework/boot/spring-boot-starter-data-jpa/3.5.3/spring-boot-starter-data-jpa-3.5.3.jar:/home/TUP/.m2/repository/org/springframework/boot/spring-boot-starter/3.5.3/spring-boot-starter-3.5.3.jar:/home/TUP/.m2/repository/org/springframework/boot/spring-boot-starter-logging/3.5.3/spring-boot-starter-logging-3.5.3.jar:/home/TUP/.m2/repository/ch/qos/logback/logback-classic/1.5.18/logback-classic-1.5.18.jar:/home/TUP/.m2/repository/ch/qos/logback/logback-core/1.5.18/logback-core-1.5.18.jar:/home/TUP/.m2/repository/org/apache/logging/log4j/log4j-to-slf4j/2.24.3/log4j-to-slf4j-2.24.3.jar:/home/TUP/.m2/repository/org/apache/logging/log4j/log4j-api/2.24.3/log4j-api-2.24.3.jar:/home/TUP/.m2/repository/org/slf4j/jul-to-slf4j/2.0.17/jul-to-slf4j-2.0.17.jar:/home/TUP/.m2/repository/jakarta/annotation/jakarta.annotation-api/2.1.1/jakarta.annotation-api-2.1.1.jar:/home/TUP/.m2/repository/org/yaml/snakeyaml/2.4/snakeyaml-2.4.jar:/home/TUP/.m2/repository/org/springframework/boot/spring-boot-starter-jdbc/3.5.3/spring-boot-starter-jdbc-3.5.3.jar:/home/TUP/.m2/repository/com/zaxxer/HikariCP/6.3.0/HikariCP-6.3.0.jar:/home/TUP/.m2/repository/org/springframework/spring-jdbc/6.2.8/spring-jdbc-6.2.8.jar:/home/TUP/.m2/repository/org/hibernate/orm/hibernate-core/6.6.18.Final/hibernate-core-6.6.18.Final.jar:/home/TUP/.m2/repository/jakarta/persistence/jakarta.persistence-api/3.1.0/jakarta.persistence-api-3.1.0.jar:/home/TUP/.m2/repository/jakarta/transaction/jakarta.transaction-api/2.0.1/jakarta.transaction-api-2.0.1.jar:/home/TUP/.m2/repository/org/jboss/logging/jboss-logging/3.6.1.Final/jboss-logging-3.6.1.Final.jar:/home/TUP/.m2/repository/org/hibernate/common/hibernate-commons-annotations/7.0.3.Final/hibernate-commons-annotations-7.0.3.Final.jar:/home/TUP/.m2/repository/io/smallrye/jandex/3.2.0/jandex-3.2.0.jar:/home/TUP/.m2/repository/com/fasterxml/classmate/1.7.0/classmate-1.7.0.jar:/home/TUP/.m2/repository/net/bytebuddy/byte-buddy/1.17.6/byte-buddy-1.17.6.jar:/home/TUP/.m2/repository/org/glassfish/jaxb/jaxb-runtime/4.0.5/jaxb-runtime-4.0.5.jar:/home/TUP/.m2/repository/org/glassfish/jaxb/jaxb-core/4.0.5/jaxb-core-4.0.5.jar:/home/TUP/.m2/repository/org/eclipse/angus/angus-activation/2.0.2/angus-activation-2.0.2.jar:/home/TUP/.m2/repository/org/glassfish/jaxb/txw2/4.0.5/txw2-4.0.5.jar:/home/TUP/.m2/repository/com/sun/istack/istack-commons-runtime/4.1.2/istack-commons-runtime-4.1.2.jar:/home/TUP/.m2/repository/jakarta/inject/jakarta.inject-api/2.0.1/jakarta.inject-api-2.0.1.jar:/home/TUP/.m2/repository/org/antlr/antlr4-runtime/4.13.0/antlr4-runtime-4.13.0.jar:/home/TUP/.m2/repository/org/springframework/data/spring-data-jpa/3.5.1/spring-data-jpa-3.5.1.jar:/home/TUP/.m2/repository/org/springframework/data/spring-data-commons/3.5.1/spring-data-commons-3.5.1.jar:/home/TUP/.m2/repository/org/springframework/spring-orm/6.2.8/spring-orm-6.2.8.jar:/home/TUP/.m2/repository/org/springframework/spring-context/6.2.8/spring-context-6.2.8.jar:/home/TUP/.m2/repository/org/springframework/spring-tx/6.2.8/spring-tx-6.2.8.jar:/home/TUP/.m2/repository/org/springframework/spring-beans/6.2.8/spring-beans-6.2.8.jar:/home/TUP/.m2/repository/org/slf4j/slf4j-api/2.0.17/slf4j-api-2.0.17.jar:/home/TUP/.m2/repository/org/springframework/spring-aspects/6.2.8/spring-aspects-6.2.8.jar:/home/TUP/.m2/repository/org/aspectj/aspectjweaver/1.9.24/aspectjweaver-1.9.24.jar:/home/TUP/.m2/repository/org/springframework/boot/spring-boot-starter-actuator/3.5.3/spring-boot-starter-actuator-3.5.3.jar:/home/TUP/.m2/repository/org/springframework/boot/spring-boot-actuator-autoconfigure/3.5.3/spring-boot-actuator-autoconfigure-3.5.3.jar:/home/TUP/.m2/repository/org/springframework/boot/spring-boot-actuator/3.5.3/spring-boot-actuator-3.5.3.jar:/home/TUP/.m2/repository/com/fasterxml/jackson/core/jackson-databind/2.19.1/jackson-databind-2.19.1.jar:/home/TUP/.m2/repository/com/fasterxml/jackson/core/jackson-annotations/2.19.1/jackson-annotations-2.19.1.jar:/home/TUP/.m2/repository/com/fasterxml/jackson/datatype/jackson-datatype-jsr310/2.19.1/jackson-datatype-jsr310-2.19.1.jar:/home/TUP/.m2/repository/io/micrometer/micrometer-observation/1.15.1/micrometer-observation-1.15.1.jar:/home/TUP/.m2/repository/io/micrometer/micrometer-commons/1.15.1/micrometer-commons-1.15.1.jar:/home/TUP/.m2/repository/io/micrometer/micrometer-jakarta9/1.15.1/micrometer-jakarta9-1.15.1.jar:/home/TUP/.m2/repository/io/micrometer/micrometer-core/1.15.1/micrometer-core-1.15.1.jar:/home/TUP/.m2/repository/org/hdrhistogram/HdrHistogram/2.2.2/HdrHistogram-2.2.2.jar:/home/TUP/.m2/repository/org/latencyutils/LatencyUtils/2.0.3/LatencyUtils-2.0.3.jar:/home/TUP/.m2/repository/org/springframework/boot/spring-boot-starter-validation/3.5.3/spring-boot-starter-validation-3.5.3.jar:/home/TUP/.m2/repository/org/apache/tomcat/embed/tomcat-embed-el/10.1.42/tomcat-embed-el-10.1.42.jar:/home/TUP/.m2/repository/org/hibernate/validator/hibernate-validator/8.0.2.Final/hibernate-validator-8.0.2.Final.jar:/home/TUP/.m2/repository/jakarta/validation/jakarta.validation-api/3.0.2/jakarta.validation-api-3.0.2.jar:/home/TUP/.m2/repository/org/springframework/boot/spring-boot-starter-security/3.5.3/spring-boot-starter-security-3.5.3.jar:/home/TUP/.m2/repository/org/springframework/spring-aop/6.2.8/spring-aop-6.2.8.jar:/home/TUP/.m2/repository/org/springframework/security/spring-security-config/6.5.1/spring-security-config-6.5.1.jar:/home/TUP/.m2/repository/org/springframework/security/spring-security-web/6.5.1/spring-security-web-6.5.1.jar:/home/TUP/.m2/repository/org/springframework/spring-expression/6.2.8/spring-expression-6.2.8.jar:/home/TUP/.m2/repository/org/springframework/boot/spring-boot-devtools/3.5.3/spring-boot-devtools-3.5.3.jar:/home/TUP/.m2/repository/org/springframework/boot/spring-boot/3.5.3/spring-boot-3.5.3.jar:/home/TUP/.m2/repository/org/postgresql/postgresql/42.7.3/postgresql-42.7.3.jar:/home/TUP/.m2/repository/org/checkerframework/checker-qual/3.42.0/checker-qual-3.42.0.jar:/home/TUP/.m2/repository/org/springframework/boot/spring-boot-starter-test/3.5.3/spring-boot-starter-test-3.5.3.jar:/home/TUP/.m2/repository/org/springframework/boot/spring-boot-test/3.5.3/spring-boot-test-3.5.3.jar:/home/TUP/.m2/repository/org/springframework/boot/spring-boot-test-autoconfigure/3.5.3/spring-boot-test-autoconfigure-3.5.3.jar:/home/TUP/.m2/repository/com/jayway/jsonpath/json-path/2.9.0/json-path-2.9.0.jar:/home/TUP/.m2/repository/jakarta/xml/bind/jakarta.xml.bind-api/4.0.2/jakarta.xml.bind-api-4.0.2.jar:/home/TUP/.m2/repository/jakarta/activation/jakarta.activation-api/2.1.3/jakarta.activation-api-2.1.3.jar:/home/TUP/.m2/repository/net/minidev/json-smart/2.5.2/json-smart-2.5.2.jar:/home/TUP/.m2/repository/net/minidev/accessors-smart/2.5.2/accessors-smart-2.5.2.jar:/home/TUP/.m2/repository/org/assertj/assertj-core/3.27.3/assertj-core-3.27.3.jar:/home/TUP/.m2/repository/org/awaitility/awaitility/4.2.2/awaitility-4.2.2.jar:/home/TUP/.m2/repository/org/hamcrest/hamcrest/3.0/hamcrest-3.0.jar:/home/TUP/.m2/repository/org/junit/jupiter/junit-jupiter/5.12.2/junit-jupiter-5.12.2.jar:/home/TUP/.m2/repository/org/junit/jupiter/junit-jupiter-api/5.12.2/junit-jupiter-api-5.12.2.jar:/home/TUP/.m2/repository/org/opentest4j/opentest4j/1.3.0/opentest4j-1.3.0.jar:/home/TUP/.m2/repository/org/junit/platform/junit-platform-commons/1.12.2/junit-platform-commons-1.12.2.jar:/home/TUP/.m2/repository/org/apiguardian/apiguardian-api/1.1.2/apiguardian-api-1.1.2.jar:/home/TUP/.m2/repository/org/junit/jupiter/junit-jupiter-params/5.12.2/junit-jupiter-params-5.12.2.jar:/home/TUP/.m2/repository/org/junit/jupiter/junit-jupiter-engine/5.12.2/junit-jupiter-engine-5.12.2.jar:/home/TUP/.m2/repository/org/junit/platform/junit-platform-engine/1.12.2/junit-platform-engine-1.12.2.jar:/home/TUP/.m2/repository/org/mockito/mockito-core/5.17.0/mockito-core-5.17.0.jar:/home/TUP/.m2/repository/net/bytebuddy/byte-buddy-agent/1.17.6/byte-buddy-agent-1.17.6.jar:/home/TUP/.m2/repository/org/objenesis/objenesis/3.3/objenesis-3.3.jar:/home/TUP/.m2/repository/org/mockito/mockito-junit-jupiter/5.17.0/mockito-junit-jupiter-5.17.0.jar:/home/TUP/.m2/repository/org/skyscreamer/jsonassert/1.5.3/jsonassert-1.5.3.jar:/home/TUP/.m2/repository/com/vaadin/external/google/android-json/0.0.20131108.vaadin1/android-json-0.0.20131108.vaadin1.jar:/home/TUP/.m2/repository/org/springframework/spring-core/6.2.8/spring-core-6.2.8.jar:/home/TUP/.m2/repository/org/springframework/spring-jcl/6.2.8/spring-jcl-6.2.8.jar:/home/TUP/.m2/repository/org/springframework/spring-test/6.2.8/spring-test-6.2.8.jar:/home/TUP/.m2/repository/org/xmlunit/xmlunit-core/2.10.2/xmlunit-core-2.10.2.jar:/home/TUP/.m2/repository/org/springframework/security/spring-security-test/6.5.1/spring-security-test-6.5.1.jar:/home/TUP/.m2/repository/org/springframework/security/spring-security-core/6.5.1/spring-security-core-6.5.1.jar:/home/TUP/.m2/repository/org/springframework/security/spring-security-crypto/6.5.1/spring-security-crypto-6.5.1.jar:/home/TUP/.m2/repository/org/testcontainers/junit-jupiter/1.21.2/junit-jupiter-1.21.2.jar:/home/TUP/.m2/repository/org/testcontainers/testcontainers/1.21.2/testcontainers-1.21.2.jar:/home/TUP/.m2/repository/junit/junit/4.13.2/junit-4.13.2.jar:/home/TUP/.m2/repository/org/hamcrest/hamcrest-core/3.0/hamcrest-core-3.0.jar:/home/TUP/.m2/repository/org/apache/commons/commons-compress/1.24.0/commons-compress-1.24.0.jar:/home/TUP/.m2/repository/org/rnorth/duct-tape/duct-tape/1.0.8/duct-tape-1.0.8.jar:/home/TUP/.m2/repository/org/jetbrains/annotations/17.0.0/annotations-17.0.0.jar:/home/TUP/.m2/repository/com/github/docker-java/docker-java-api/3.4.2/docker-java-api-3.4.2.jar:/home/TUP/.m2/repository/com/github/docker-java/docker-java-transport-zerodep/3.4.2/docker-java-transport-zerodep-3.4.2.jar:/home/TUP/.m2/repository/com/github/docker-java/docker-java-transport/3.4.2/docker-java-transport-3.4.2.jar:/home/TUP/.m2/repository/net/java/dev/jna/jna/5.15.0/jna-5.15.0.jar:/home/TUP/.m2/repository/org/testcontainers/postgresql/1.21.2/postgresql-1.21.2.jar:/home/TUP/.m2/repository/org/testcontainers/jdbc/1.21.2/jdbc-1.21.2.jar:/home/TUP/.m2/repository/org/testcontainers/database-commons/1.21.2/database-commons-1.21.2.jar:/home/TUP/.m2/repository/org/springframework/boot/spring-boot-testcontainers/3.5.3/spring-boot-testcontainers-3.5.3.jar:/home/TUP/.m2/repository/com/tngtech/archunit/archunit-junit5/1.4.1/archunit-junit5-1.4.1.jar:/home/TUP/.m2/repository/com/tngtech/archunit/archunit-junit5-api/1.4.1/archunit-junit5-api-1.4.1.jar:/home/TUP/.m2/repository/com/tngtech/archunit/archunit/1.4.1/archunit-1.4.1.jar:/home/TUP/.m2/repository/com/tngtech/archunit/archunit-junit5-engine/1.4.1/archunit-junit5-engine-1.4.1.jar:/home/TUP/.m2/repository/com/tngtech/archunit/archunit-junit5-engine-api/1.4.1/archunit-junit5-engine-api-1.4.1.jar:"/>
    <property name="java.vm.vendor" value="Ubuntu"/>
    <property name="sun.arch.data.model" value="64"/>
    <property name="java.vendor.url" value="https://ubuntu.com/"/>
    <property name="user.timezone" value="America/Argentina/Buenos_Aires"/>
    <property name="os.name" value="Linux"/>
    <property name="java.vm.specification.version" value="21"/>
    <property name="sun.java.launcher" value="SUN_STANDARD"/>
    <property name="user.country" value="ES"/>
    <property name="sun.boot.library.path" value="/usr/lib/jvm/java-21-openjdk-amd64/lib"/>
    <property name="sun.java.command" value="/home/TUP/Escritorio/Projects/TUP/todo-app/target/surefire/surefirebooter-20250701102153147_3.jar /home/TUP/Escritorio/Projects/TUP/todo-app/target/surefire 2025-07-01T10-21-52_661-jvmRun1 surefire-20250701102153147_1tmp surefire_0-20250701102153147_2tmp"/>
    <property name="jdk.debug" value="release"/>
    <property name="surefire.test.class.path" value="/home/TUP/Escritorio/Projects/TUP/todo-app/target/test-classes:/home/TUP/Escritorio/Projects/TUP/todo-app/target/classes:/home/TUP/.m2/repository/com/vaadin/vaadin/24.8.0/vaadin-24.8.0.jar:/home/TUP/.m2/repository/com/vaadin/vaadin-internal/24.8.0/vaadin-internal-24.8.0.jar:/home/TUP/.m2/repository/com/vaadin/vaadin-core-internal/24.8.0/vaadin-core-internal-24.8.0.jar:/home/TUP/.m2/repository/com/vaadin/flow-lit-template/24.8.0/flow-lit-template-24.8.0.jar:/home/TUP/.m2/repository/com/vaadin/flow-react/24.8.0/flow-react-24.8.0.jar:/home/TUP/.m2/repository/com/vaadin/flow-html-components/24.8.0/flow-html-components-24.8.0.jar:/home/TUP/.m2/repository/com/vaadin/flow-data/24.8.0/flow-data-24.8.0.jar:/home/TUP/.m2/repository/com/vaadin/flow-dnd/24.8.0/flow-dnd-24.8.0.jar:/home/TUP/.m2/repository/com/vaadin/vaadin-lumo-theme/24.8.0/vaadin-lumo-theme-24.8.0.jar:/home/TUP/.m2/repository/com/vaadin/vaadin-material-theme/24.8.0/vaadin-material-theme-24.8.0.jar:/home/TUP/.m2/repository/com/vaadin/vaadin-core-components/24.8.0/vaadin-core-components-24.8.0.jar:/home/TUP/.m2/repository/com/vaadin/vaadin-accordion-flow/24.8.0/vaadin-accordion-flow-24.8.0.jar:/home/TUP/.m2/repository/com/vaadin/vaadin-avatar-flow/24.8.0/vaadin-avatar-flow-24.8.0.jar:/home/TUP/.m2/repository/com/vaadin/vaadin-card-flow/24.8.0/vaadin-card-flow-24.8.0.jar:/home/TUP/.m2/repository/com/vaadin/vaadin-checkbox-flow/24.8.0/vaadin-checkbox-flow-24.8.0.jar:/home/TUP/.m2/repository/com/vaadin/vaadin-combo-box-flow/24.8.0/vaadin-combo-box-flow-24.8.0.jar:/home/TUP/.m2/repository/com/vaadin/vaadin-confirm-dialog-flow/24.8.0/vaadin-confirm-dialog-flow-24.8.0.jar:/home/TUP/.m2/repository/com/vaadin/vaadin-custom-field-flow/24.8.0/vaadin-custom-field-flow-24.8.0.jar:/home/TUP/.m2/repository/com/vaadin/vaadin-date-picker-flow/24.8.0/vaadin-date-picker-flow-24.8.0.jar:/home/TUP/.m2/repository/com/vaadin/vaadin-date-time-picker-flow/24.8.0/vaadin-date-time-picker-flow-24.8.0.jar:/home/TUP/.m2/repository/com/vaadin/vaadin-details-flow/24.8.0/vaadin-details-flow-24.8.0.jar:/home/TUP/.m2/repository/com/vaadin/vaadin-time-picker-flow/24.8.0/vaadin-time-picker-flow-24.8.0.jar:/home/TUP/.m2/repository/com/vaadin/vaadin-select-flow/24.8.0/vaadin-select-flow-24.8.0.jar:/home/TUP/.m2/repository/com/vaadin/vaadin-side-nav-flow/24.8.0/vaadin-side-nav-flow-24.8.0.jar:/home/TUP/.m2/repository/com/vaadin/vaadin-dialog-flow/24.8.0/vaadin-dialog-flow-24.8.0.jar:/home/TUP/.m2/repository/com/vaadin/vaadin-form-layout-flow/24.8.0/vaadin-form-layout-flow-24.8.0.jar:/home/TUP/.m2/repository/com/vaadin/vaadin-field-highlighter-flow/24.8.0/vaadin-field-highlighter-flow-24.8.0.jar:/home/TUP/.m2/repository/com/vaadin/vaadin-virtual-list-flow/24.8.0/vaadin-virtual-list-flow-24.8.0.jar:/home/TUP/.m2/repository/com/vaadin/vaadin-list-box-flow/24.8.0/vaadin-list-box-flow-24.8.0.jar:/home/TUP/.m2/repository/com/vaadin/vaadin-login-flow/24.8.0/vaadin-login-flow-24.8.0.jar:/home/TUP/.m2/repository/com/vaadin/vaadin-markdown-flow/24.8.0/vaadin-markdown-flow-24.8.0.jar:/home/TUP/.m2/repository/com/vaadin/vaadin-master-detail-layout-flow/24.8.0/vaadin-master-detail-layout-flow-24.8.0.jar:/home/TUP/.m2/repository/com/vaadin/vaadin-messages-flow/24.8.0/vaadin-messages-flow-24.8.0.jar:/home/TUP/.m2/repository/com/vaadin/vaadin-progress-bar-flow/24.8.0/vaadin-progress-bar-flow-24.8.0.jar:/home/TUP/.m2/repository/com/vaadin/vaadin-popover-flow/24.8.0/vaadin-popover-flow-24.8.0.jar:/home/TUP/.m2/repository/com/vaadin/vaadin-radio-button-flow/24.8.0/vaadin-radio-button-flow-24.8.0.jar:/home/TUP/.m2/repository/com/vaadin/vaadin-split-layout-flow/24.8.0/vaadin-split-layout-flow-24.8.0.jar:/home/TUP/.m2/repository/com/vaadin/vaadin-tabs-flow/24.8.0/vaadin-tabs-flow-24.8.0.jar:/home/TUP/.m2/repository/com/vaadin/vaadin-upload-flow/24.8.0/vaadin-upload-flow-24.8.0.jar:/home/TUP/.m2/repository/com/vaadin/vaadin-app-layout-flow/24.8.0/vaadin-app-layout-flow-24.8.0.jar:/home/TUP/.m2/repository/com/vaadin/vaadin-context-menu-flow/24.8.0/vaadin-context-menu-flow-24.8.0.jar:/home/TUP/.m2/repository/com/vaadin/vaadin-menu-bar-flow/24.8.0/vaadin-menu-bar-flow-24.8.0.jar:/home/TUP/.m2/repository/com/vaadin/collaboration-engine/6.4.0/collaboration-engine-6.4.0.jar:/home/TUP/.m2/repository/com/vaadin/vaadin-board-flow/24.8.0/vaadin-board-flow-24.8.0.jar:/home/TUP/.m2/repository/com/vaadin/vaadin-charts-flow/24.8.0/vaadin-charts-flow-24.8.0.jar:/home/TUP/.m2/repository/com/vaadin/vaadin-cookie-consent-flow/24.8.0/vaadin-cookie-consent-flow-24.8.0.jar:/home/TUP/.m2/repository/com/vaadin/vaadin-crud-flow/24.8.0/vaadin-crud-flow-24.8.0.jar:/home/TUP/.m2/repository/com/vaadin/vaadin-grid-flow/24.8.0/vaadin-grid-flow-24.8.0.jar:/home/TUP/.m2/repository/org/apache/commons/commons-lang3/3.17.0/commons-lang3-3.17.0.jar:/home/TUP/.m2/repository/com/vaadin/vaadin-text-field-flow/24.8.0/vaadin-text-field-flow-24.8.0.jar:/home/TUP/.m2/repository/com/vaadin/vaadin-dashboard-flow/24.8.0/vaadin-dashboard-flow-24.8.0.jar:/home/TUP/.m2/repository/com/vaadin/vaadin-grid-pro-flow/24.8.0/vaadin-grid-pro-flow-24.8.0.jar:/home/TUP/.m2/repository/com/vaadin/vaadin-map-flow/24.8.0/vaadin-map-flow-24.8.0.jar:/home/TUP/.m2/repository/com/vaadin/vaadin-rich-text-editor-flow/24.8.0/vaadin-rich-text-editor-flow-24.8.0.jar:/home/TUP/.m2/repository/com/vaadin/vaadin-core/24.8.0/vaadin-core-24.8.0.jar:/home/TUP/.m2/repository/com/vaadin/vaadin-dev/24.8.0/vaadin-dev-24.8.0.jar:/home/TUP/.m2/repository/com/vaadin/vaadin-dev-server/24.8.0/vaadin-dev-server-24.8.0.jar:/home/TUP/.m2/repository/com/vaadin/license-checker/1.13.4/license-checker-1.13.4.jar:/home/TUP/.m2/repository/com/github/oshi/oshi-core/6.6.5/oshi-core-6.6.5.jar:/home/TUP/.m2/repository/net/java/dev/jna/jna-platform/5.15.0/jna-platform-5.15.0.jar:/home/TUP/.m2/repository/org/lucee/jcip-annotations/1.0.0/jcip-annotations-1.0.0.jar:/home/TUP/.m2/repository/com/vaadin/open/8.5.0.4/open-8.5.0.4.jar:/home/TUP/.m2/repository/com/github/javaparser/javaparser-core/3.26.4/javaparser-core-3.26.4.jar:/home/TUP/.m2/repository/io/methvin/directory-watcher/0.19.0/directory-watcher-0.19.0.jar:/home/TUP/.m2/repository/com/vaadin/vaadin-dev-bundle/24.8.0/vaadin-dev-bundle-24.8.0.jar:/home/TUP/.m2/repository/com/vaadin/hilla-dev/24.8.0/hilla-dev-24.8.0.jar:/home/TUP/.m2/repository/com/vaadin/copilot/24.8.0/copilot-24.8.0.jar:/home/TUP/.m2/repository/io/projectreactor/netty/reactor-netty/1.2.7/reactor-netty-1.2.7.jar:/home/TUP/.m2/repository/io/projectreactor/netty/reactor-netty-core/1.2.7/reactor-netty-core-1.2.7.jar:/home/TUP/.m2/repository/io/projectreactor/netty/reactor-netty-http/1.2.7/reactor-netty-http-1.2.7.jar:/home/TUP/.m2/repository/io/netty/netty-all/4.1.122.Final/netty-all-4.1.122.Final.jar:/home/TUP/.m2/repository/io/netty/netty-buffer/4.1.122.Final/netty-buffer-4.1.122.Final.jar:/home/TUP/.m2/repository/io/netty/netty-codec/4.1.122.Final/netty-codec-4.1.122.Final.jar:/home/TUP/.m2/repository/io/netty/netty-codec-dns/4.1.122.Final/netty-codec-dns-4.1.122.Final.jar:/home/TUP/.m2/repository/io/netty/netty-codec-haproxy/4.1.122.Final/netty-codec-haproxy-4.1.122.Final.jar:/home/TUP/.m2/repository/io/netty/netty-codec-http/4.1.122.Final/netty-codec-http-4.1.122.Final.jar:/home/TUP/.m2/repository/io/netty/netty-codec-http2/4.1.122.Final/netty-codec-http2-4.1.122.Final.jar:/home/TUP/.m2/repository/io/netty/netty-codec-memcache/4.1.122.Final/netty-codec-memcache-4.1.122.Final.jar:/home/TUP/.m2/repository/io/netty/netty-codec-mqtt/4.1.122.Final/netty-codec-mqtt-4.1.122.Final.jar:/home/TUP/.m2/repository/io/netty/netty-codec-redis/4.1.122.Final/netty-codec-redis-4.1.122.Final.jar:/home/TUP/.m2/repository/io/netty/netty-codec-smtp/4.1.122.Final/netty-codec-smtp-4.1.122.Final.jar:/home/TUP/.m2/repository/io/netty/netty-codec-socks/4.1.122.Final/netty-codec-socks-4.1.122.Final.jar:/home/TUP/.m2/repository/io/netty/netty-codec-stomp/4.1.122.Final/netty-codec-stomp-4.1.122.Final.jar:/home/TUP/.m2/repository/io/netty/netty-codec-xml/4.1.122.Final/netty-codec-xml-4.1.122.Final.jar:/home/TUP/.m2/repository/io/netty/netty-common/4.1.122.Final/netty-common-4.1.122.Final.jar:/home/TUP/.m2/repository/io/netty/netty-handler/4.1.122.Final/netty-handler-4.1.122.Final.jar:/home/TUP/.m2/repository/io/netty/netty-transport-native-unix-common/4.1.122.Final/netty-transport-native-unix-common-4.1.122.Final.jar:/home/TUP/.m2/repository/io/netty/netty-handler-proxy/4.1.122.Final/netty-handler-proxy-4.1.122.Final.jar:/home/TUP/.m2/repository/io/netty/netty-handler-ssl-ocsp/4.1.122.Final/netty-handler-ssl-ocsp-4.1.122.Final.jar:/home/TUP/.m2/repository/io/netty/netty-resolver/4.1.122.Final/netty-resolver-4.1.122.Final.jar:/home/TUP/.m2/repository/io/netty/netty-resolver-dns/4.1.122.Final/netty-resolver-dns-4.1.122.Final.jar:/home/TUP/.m2/repository/io/netty/netty-transport/4.1.122.Final/netty-transport-4.1.122.Final.jar:/home/TUP/.m2/repository/io/netty/netty-transport-rxtx/4.1.122.Final/netty-transport-rxtx-4.1.122.Final.jar:/home/TUP/.m2/repository/io/netty/netty-transport-sctp/4.1.122.Final/netty-transport-sctp-4.1.122.Final.jar:/home/TUP/.m2/repository/io/netty/netty-transport-udt/4.1.122.Final/netty-transport-udt-4.1.122.Final.jar:/home/TUP/.m2/repository/io/netty/netty-transport-classes-epoll/4.1.122.Final/netty-transport-classes-epoll-4.1.122.Final.jar:/home/TUP/.m2/repository/io/netty/netty-transport-classes-kqueue/4.1.122.Final/netty-transport-classes-kqueue-4.1.122.Final.jar:/home/TUP/.m2/repository/io/netty/netty-resolver-dns-classes-macos/4.1.122.Final/netty-resolver-dns-classes-macos-4.1.122.Final.jar:/home/TUP/.m2/repository/io/netty/netty-transport-native-epoll/4.1.122.Final/netty-transport-native-epoll-4.1.122.Final-linux-x86_64.jar:/home/TUP/.m2/repository/io/netty/netty-transport-native-epoll/4.1.122.Final/netty-transport-native-epoll-4.1.122.Final-linux-aarch_64.jar:/home/TUP/.m2/repository/io/netty/netty-transport-native-epoll/4.1.122.Final/netty-transport-native-epoll-4.1.122.Final-linux-riscv64.jar:/home/TUP/.m2/repository/io/netty/netty-transport-native-kqueue/4.1.122.Final/netty-transport-native-kqueue-4.1.122.Final-osx-x86_64.jar:/home/TUP/.m2/repository/io/netty/netty-transport-native-kqueue/4.1.122.Final/netty-transport-native-kqueue-4.1.122.Final-osx-aarch_64.jar:/home/TUP/.m2/repository/io/netty/netty-resolver-dns-native-macos/4.1.122.Final/netty-resolver-dns-native-macos-4.1.122.Final-osx-x86_64.jar:/home/TUP/.m2/repository/io/netty/netty-resolver-dns-native-macos/4.1.122.Final/netty-resolver-dns-native-macos-4.1.122.Final-osx-aarch_64.jar:/home/TUP/.m2/repository/org/apache/commons/commons-configuration2/2.12.0/commons-configuration2-2.12.0.jar:/home/TUP/.m2/repository/org/apache/commons/commons-text/1.13.1/commons-text-1.13.1.jar:/home/TUP/.m2/repository/com/vaadin/ui-tests/1.1.5/ui-tests-1.1.5.jar:/home/TUP/.m2/repository/com/vaadin/vaadin-spring-boot-starter/24.8.0/vaadin-spring-boot-starter-24.8.0.jar:/home/TUP/.m2/repository/com/vaadin/vaadin-spring/24.8.0/vaadin-spring-24.8.0.jar:/home/TUP/.m2/repository/com/vaadin/flow-server/24.8.0/flow-server-24.8.0.jar:/home/TUP/.m2/repository/com/vaadin/signals/24.8.0/signals-24.8.0.jar:/home/TUP/.m2/repository/com/vaadin/servletdetector/throw-if-servlet3/1.0.2/throw-if-servlet3-1.0.2.jar:/home/TUP/.m2/repository/org/jspecify/jspecify/1.0.0/jspecify-1.0.0.jar:/home/TUP/.m2/repository/com/vaadin/external/gwt/gwt-elemental/2.8.2.vaadin2/gwt-elemental-2.8.2.vaadin2.jar:/home/TUP/.m2/repository/org/apache/commons/commons-fileupload2-jakarta-servlet6/2.0.0-M4/commons-fileupload2-jakarta-servlet6-2.0.0-M4.jar:/home/TUP/.m2/repository/org/apache/commons/commons-fileupload2-core/2.0.0-M4/commons-fileupload2-core-2.0.0-M4.jar:/home/TUP/.m2/repository/commons-io/commons-io/2.19.0/commons-io-2.19.0.jar:/home/TUP/.m2/repository/com/fasterxml/jackson/core/jackson-core/2.19.1/jackson-core-2.19.1.jar:/home/TUP/.m2/repository/org/jsoup/jsoup/1.20.1/jsoup-1.20.1.jar:/home/TUP/.m2/repository/com/helger/ph-css/7.0.4/ph-css-7.0.4.jar:/home/TUP/.m2/repository/com/helger/commons/ph-commons/11.2.0/ph-commons-11.2.0.jar:/home/TUP/.m2/repository/org/ow2/asm/asm/9.8/asm-9.8.jar:/home/TUP/.m2/repository/com/vaadin/external/gentyref/1.2.0.vaadin1/gentyref-1.2.0.vaadin1.jar:/home/TUP/.m2/repository/com/vaadin/flow-push/24.8.0/flow-push-24.8.0.jar:/home/TUP/.m2/repository/com/vaadin/external/atmosphere/atmosphere-runtime/3.0.5.slf4jvaadin1/atmosphere-runtime-3.0.5.slf4jvaadin1.jar:/home/TUP/.m2/repository/com/vaadin/flow-client/24.8.0/flow-client-24.8.0.jar:/home/TUP/.m2/repository/org/springframework/spring-webmvc/6.2.8/spring-webmvc-6.2.8.jar:/home/TUP/.m2/repository/org/springframework/spring-websocket/6.2.8/spring-websocket-6.2.8.jar:/home/TUP/.m2/repository/org/reflections/reflections/0.10.2/reflections-0.10.2.jar:/home/TUP/.m2/repository/com/google/code/findbugs/jsr305/3.0.2/jsr305-3.0.2.jar:/home/TUP/.m2/repository/org/javassist/javassist/3.30.2-GA/javassist-3.30.2-GA.jar:/home/TUP/.m2/repository/com/vaadin/hilla/24.8.0/hilla-24.8.0.jar:/home/TUP/.m2/repository/com/vaadin/hilla-endpoint/24.8.0/hilla-endpoint-24.8.0.jar:/home/TUP/.m2/repository/com/vaadin/hilla-engine-core/24.8.0/hilla-engine-core-24.8.0.jar:/home/TUP/.m2/repository/com/vaadin/hilla-parser-jvm-core/24.8.0/hilla-parser-jvm-core-24.8.0.jar:/home/TUP/.m2/repository/io/github/classgraph/classgraph/4.8.179/classgraph-4.8.179.jar:/home/TUP/.m2/repository/com/fasterxml/jackson/dataformat/jackson-dataformat-yaml/2.19.1/jackson-dataformat-yaml-2.19.1.jar:/home/TUP/.m2/repository/com/vaadin/hilla-parser-jvm-plugin-backbone/24.8.0/hilla-parser-jvm-plugin-backbone-24.8.0.jar:/home/TUP/.m2/repository/com/vaadin/hilla-parser-jvm-plugin-nonnull/24.8.0/hilla-parser-jvm-plugin-nonnull-24.8.0.jar:/home/TUP/.m2/repository/com/vaadin/hilla-parser-jvm-plugin-nonnull-kotlin/24.8.0/hilla-parser-jvm-plugin-nonnull-kotlin-24.8.0.jar:/home/TUP/.m2/repository/org/jetbrains/kotlin/kotlin-reflect/1.9.25/kotlin-reflect-1.9.25.jar:/home/TUP/.m2/repository/org/jetbrains/kotlin/kotlin-stdlib/1.9.25/kotlin-stdlib-1.9.25.jar:/home/TUP/.m2/repository/com/vaadin/hilla-parser-jvm-plugin-subtypes/24.8.0/hilla-parser-jvm-plugin-subtypes-24.8.0.jar:/home/TUP/.m2/repository/com/vaadin/hilla-parser-jvm-plugin-model/24.8.0/hilla-parser-jvm-plugin-model-24.8.0.jar:/home/TUP/.m2/repository/com/vaadin/hilla-parser-jvm-plugin-transfertypes/24.8.0/hilla-parser-jvm-plugin-transfertypes-24.8.0.jar:/home/TUP/.m2/repository/io/projectreactor/reactor-core/3.7.7/reactor-core-3.7.7.jar:/home/TUP/.m2/repository/org/reactivestreams/reactive-streams/1.0.4/reactive-streams-1.0.4.jar:/home/TUP/.m2/repository/com/fasterxml/jackson/module/jackson-module-parameter-names/2.19.1/jackson-module-parameter-names-2.19.1.jar:/home/TUP/.m2/repository/com/fasterxml/jackson/datatype/jackson-datatype-jdk8/2.19.1/jackson-datatype-jdk8-2.19.1.jar:/home/TUP/.m2/repository/com/github/javaparser/javaparser-symbol-solver-core/3.26.4/javaparser-symbol-solver-core-3.26.4.jar:/home/TUP/.m2/repository/com/google/guava/guava/33.4.0-jre/guava-33.4.0-jre.jar:/home/TUP/.m2/repository/com/google/guava/failureaccess/1.0.2/failureaccess-1.0.2.jar:/home/TUP/.m2/repository/com/google/guava/listenablefuture/9999.0-empty-to-avoid-conflict-with-guava/listenablefuture-9999.0-empty-to-avoid-conflict-with-guava.jar:/home/TUP/.m2/repository/com/google/errorprone/error_prone_annotations/2.36.0/error_prone_annotations-2.36.0.jar:/home/TUP/.m2/repository/com/google/j2objc/j2objc-annotations/3.0.0/j2objc-annotations-3.0.0.jar:/home/TUP/.m2/repository/com/vaadin/hilla-parser-jvm-utils/24.8.0/hilla-parser-jvm-utils-24.8.0.jar:/home/TUP/.m2/repository/io/swagger/core/v3/swagger-core-jakarta/2.2.32/swagger-core-jakarta-2.2.32.jar:/home/TUP/.m2/repository/io/swagger/core/v3/swagger-annotations-jakarta/2.2.32/swagger-annotations-jakarta-2.2.32.jar:/home/TUP/.m2/repository/io/swagger/core/v3/swagger-models-jakarta/2.2.32/swagger-models-jakarta-2.2.32.jar:/home/TUP/.m2/repository/com/vaadin/hilla-runtime-plugin-transfertypes/24.8.0/hilla-runtime-plugin-transfertypes-24.8.0.jar:/home/TUP/.m2/repository/com/vaadin/hilla-engine-runtime/24.8.0/hilla-engine-runtime-24.8.0.jar:/home/TUP/.m2/repository/org/springframework/boot/spring-boot-starter-web/3.5.3/spring-boot-starter-web-3.5.3.jar:/home/TUP/.m2/repository/org/springframework/boot/spring-boot-starter-json/3.5.3/spring-boot-starter-json-3.5.3.jar:/home/TUP/.m2/repository/org/springframework/boot/spring-boot-starter-tomcat/3.5.3/spring-boot-starter-tomcat-3.5.3.jar:/home/TUP/.m2/repository/org/apache/tomcat/embed/tomcat-embed-core/10.1.42/tomcat-embed-core-10.1.42.jar:/home/TUP/.m2/repository/org/apache/tomcat/embed/tomcat-embed-websocket/10.1.42/tomcat-embed-websocket-10.1.42.jar:/home/TUP/.m2/repository/org/springframework/spring-web/6.2.8/spring-web-6.2.8.jar:/home/TUP/.m2/repository/com/vaadin/control-center-starter/1.3.0/control-center-starter-1.3.0.jar:/home/TUP/.m2/repository/com/vaadin/vaadin-button-flow/24.8.0/vaadin-button-flow-24.8.0.jar:/home/TUP/.m2/repository/com/vaadin/vaadin-flow-components-base/24.8.0/vaadin-flow-components-base-24.8.0.jar:/home/TUP/.m2/repository/com/vaadin/vaadin-icons-flow/24.8.0/vaadin-icons-flow-24.8.0.jar:/home/TUP/.m2/repository/com/vaadin/vaadin-notification-flow/24.8.0/vaadin-notification-flow-24.8.0.jar:/home/TUP/.m2/repository/com/vaadin/vaadin-renderer-flow/24.8.0/vaadin-renderer-flow-24.8.0.jar:/home/TUP/.m2/repository/com/vaadin/vaadin-ordered-layout-flow/24.8.0/vaadin-ordered-layout-flow-24.8.0.jar:/home/TUP/.m2/repository/org/springframework/boot/spring-boot-autoconfigure/3.5.3/spring-boot-autoconfigure-3.5.3.jar:/home/TUP/.m2/repository/org/springframework/boot/spring-boot-starter-oauth2-client/3.5.3/spring-boot-starter-oauth2-client-3.5.3.jar:/home/TUP/.m2/repository/org/springframework/security/spring-security-oauth2-client/6.5.1/spring-security-oauth2-client-6.5.1.jar:/home/TUP/.m2/repository/org/springframework/security/spring-security-oauth2-core/6.5.1/spring-security-oauth2-core-6.5.1.jar:/home/TUP/.m2/repository/com/nimbusds/oauth2-oidc-sdk/9.43.6/oauth2-oidc-sdk-9.43.6.jar:/home/TUP/.m2/repository/com/github/stephenc/jcip/jcip-annotations/1.0-1/jcip-annotations-1.0-1.jar:/home/TUP/.m2/repository/com/nimbusds/content-type/2.2/content-type-2.2.jar:/home/TUP/.m2/repository/com/nimbusds/lang-tag/1.7/lang-tag-1.7.jar:/home/TUP/.m2/repository/org/springframework/security/spring-security-oauth2-jose/6.5.1/spring-security-oauth2-jose-6.5.1.jar:/home/TUP/.m2/repository/com/nimbusds/nimbus-jose-jwt/9.37.3/nimbus-jose-jwt-9.37.3.jar:/home/TUP/.m2/repository/org/springframework/cloud/spring-cloud-starter-bootstrap/4.3.0/spring-cloud-starter-bootstrap-4.3.0.jar:/home/TUP/.m2/repository/org/springframework/cloud/spring-cloud-starter/4.3.0/spring-cloud-starter-4.3.0.jar:/home/TUP/.m2/repository/org/springframework/cloud/spring-cloud-context/4.3.0/spring-cloud-context-4.3.0.jar:/home/TUP/.m2/repository/org/springframework/cloud/spring-cloud-commons/4.3.0/spring-cloud-commons-4.3.0.jar:/home/TUP/.m2/repository/org/bouncycastle/bcprov-jdk18on/1.80/bcprov-jdk18on-1.80.jar:/home/TUP/.m2/repository/org/springframework/cloud/spring-cloud-starter-kubernetes-fabric8-config/3.3.0/spring-cloud-starter-kubernetes-fabric8-config-3.3.0.jar:/home/TUP/.m2/repository/org/springframework/cloud/spring-cloud-kubernetes-fabric8-config/3.3.0/spring-cloud-kubernetes-fabric8-config-3.3.0.jar:/home/TUP/.m2/repository/io/fabric8/kubernetes-client/7.3.1/kubernetes-client-7.3.1.jar:/home/TUP/.m2/repository/io/fabric8/kubernetes-client-api/7.3.1/kubernetes-client-api-7.3.1.jar:/home/TUP/.m2/repository/io/fabric8/kubernetes-model-core/7.3.1/kubernetes-model-core-7.3.1.jar:/home/TUP/.m2/repository/io/fabric8/kubernetes-model-common/7.3.1/kubernetes-model-common-7.3.1.jar:/home/TUP/.m2/repository/io/fabric8/kubernetes-model-gatewayapi/7.3.1/kubernetes-model-gatewayapi-7.3.1.jar:/home/TUP/.m2/repository/io/fabric8/kubernetes-model-resource/7.3.1/kubernetes-model-resource-7.3.1.jar:/home/TUP/.m2/repository/io/fabric8/kubernetes-model-rbac/7.3.1/kubernetes-model-rbac-7.3.1.jar:/home/TUP/.m2/repository/io/fabric8/kubernetes-model-admissionregistration/7.3.1/kubernetes-model-admissionregistration-7.3.1.jar:/home/TUP/.m2/repository/io/fabric8/kubernetes-model-apps/7.3.1/kubernetes-model-apps-7.3.1.jar:/home/TUP/.m2/repository/io/fabric8/kubernetes-model-autoscaling/7.3.1/kubernetes-model-autoscaling-7.3.1.jar:/home/TUP/.m2/repository/io/fabric8/kubernetes-model-apiextensions/7.3.1/kubernetes-model-apiextensions-7.3.1.jar:/home/TUP/.m2/repository/io/fabric8/kubernetes-model-batch/7.3.1/kubernetes-model-batch-7.3.1.jar:/home/TUP/.m2/repository/io/fabric8/kubernetes-model-certificates/7.3.1/kubernetes-model-certificates-7.3.1.jar:/home/TUP/.m2/repository/io/fabric8/kubernetes-model-coordination/7.3.1/kubernetes-model-coordination-7.3.1.jar:/home/TUP/.m2/repository/io/fabric8/kubernetes-model-discovery/7.3.1/kubernetes-model-discovery-7.3.1.jar:/home/TUP/.m2/repository/io/fabric8/kubernetes-model-events/7.3.1/kubernetes-model-events-7.3.1.jar:/home/TUP/.m2/repository/io/fabric8/kubernetes-model-extensions/7.3.1/kubernetes-model-extensions-7.3.1.jar:/home/TUP/.m2/repository/io/fabric8/kubernetes-model-flowcontrol/7.3.1/kubernetes-model-flowcontrol-7.3.1.jar:/home/TUP/.m2/repository/io/fabric8/kubernetes-model-networking/7.3.1/kubernetes-model-networking-7.3.1.jar:/home/TUP/.m2/repository/io/fabric8/kubernetes-model-metrics/7.3.1/kubernetes-model-metrics-7.3.1.jar:/home/TUP/.m2/repository/io/fabric8/kubernetes-model-policy/7.3.1/kubernetes-model-policy-7.3.1.jar:/home/TUP/.m2/repository/io/fabric8/kubernetes-model-scheduling/7.3.1/kubernetes-model-scheduling-7.3.1.jar:/home/TUP/.m2/repository/io/fabric8/kubernetes-model-storageclass/7.3.1/kubernetes-model-storageclass-7.3.1.jar:/home/TUP/.m2/repository/io/fabric8/kubernetes-model-node/7.3.1/kubernetes-model-node-7.3.1.jar:/home/TUP/.m2/repository/org/snakeyaml/snakeyaml-engine/2.9/snakeyaml-engine-2.9.jar:/home/TUP/.m2/repository/io/fabric8/kubernetes-httpclient-vertx/7.3.1/kubernetes-httpclient-vertx-7.3.1.jar:/home/TUP/.m2/repository/io/vertx/vertx-core/4.5.14/vertx-core-4.5.14.jar:/home/TUP/.m2/repository/io/vertx/vertx-web-client/4.5.14/vertx-web-client-4.5.14.jar:/home/TUP/.m2/repository/io/vertx/vertx-web-common/4.5.14/vertx-web-common-4.5.14.jar:/home/TUP/.m2/repository/io/vertx/vertx-auth-common/4.5.14/vertx-auth-common-4.5.14.jar:/home/TUP/.m2/repository/io/fabric8/zjsonpatch/7.3.1/zjsonpatch-7.3.1.jar:/home/TUP/.m2/repository/org/springframework/cloud/spring-cloud-kubernetes-fabric8-autoconfig/3.3.0/spring-cloud-kubernetes-fabric8-autoconfig-3.3.0.jar:/home/TUP/.m2/repository/org/springframework/cloud/spring-cloud-kubernetes-commons/3.3.0/spring-cloud-kubernetes-commons-3.3.0.jar:/home/TUP/.m2/repository/com/squareup/okhttp3/okhttp/4.12.0/okhttp-4.12.0.jar:/home/TUP/.m2/repository/com/squareup/okio/okio/3.6.0/okio-3.6.0.jar:/home/TUP/.m2/repository/com/squareup/okio/okio-jvm/3.6.0/okio-jvm-3.6.0.jar:/home/TUP/.m2/repository/org/jetbrains/kotlin/kotlin-stdlib-common/1.9.25/kotlin-stdlib-common-1.9.25.jar:/home/TUP/.m2/repository/org/jetbrains/kotlin/kotlin-stdlib-jdk8/1.9.25/kotlin-stdlib-jdk8-1.9.25.jar:/home/TUP/.m2/repository/org/jetbrains/kotlin/kotlin-stdlib-jdk7/1.9.25/kotlin-stdlib-jdk7-1.9.25.jar:/home/TUP/.m2/repository/com/squareup/okhttp3/logging-interceptor/4.12.0/logging-interceptor-4.12.0.jar:/home/TUP/.m2/repository/org/springframework/retry/spring-retry/2.0.12/spring-retry-2.0.12.jar:/home/TUP/.m2/repository/org/springframework/boot/spring-boot-starter-aop/3.5.3/spring-boot-starter-aop-3.5.3.jar:/home/TUP/.m2/repository/org/springframework/boot/spring-boot-starter-data-jpa/3.5.3/spring-boot-starter-data-jpa-3.5.3.jar:/home/TUP/.m2/repository/org/springframework/boot/spring-boot-starter/3.5.3/spring-boot-starter-3.5.3.jar:/home/TUP/.m2/repository/org/springframework/boot/spring-boot-starter-logging/3.5.3/spring-boot-starter-logging-3.5.3.jar:/home/TUP/.m2/repository/ch/qos/logback/logback-classic/1.5.18/logback-classic-1.5.18.jar:/home/TUP/.m2/repository/ch/qos/logback/logback-core/1.5.18/logback-core-1.5.18.jar:/home/TUP/.m2/repository/org/apache/logging/log4j/log4j-to-slf4j/2.24.3/log4j-to-slf4j-2.24.3.jar:/home/TUP/.m2/repository/org/apache/logging/log4j/log4j-api/2.24.3/log4j-api-2.24.3.jar:/home/TUP/.m2/repository/org/slf4j/jul-to-slf4j/2.0.17/jul-to-slf4j-2.0.17.jar:/home/TUP/.m2/repository/jakarta/annotation/jakarta.annotation-api/2.1.1/jakarta.annotation-api-2.1.1.jar:/home/TUP/.m2/repository/org/yaml/snakeyaml/2.4/snakeyaml-2.4.jar:/home/TUP/.m2/repository/org/springframework/boot/spring-boot-starter-jdbc/3.5.3/spring-boot-starter-jdbc-3.5.3.jar:/home/TUP/.m2/repository/com/zaxxer/HikariCP/6.3.0/HikariCP-6.3.0.jar:/home/TUP/.m2/repository/org/springframework/spring-jdbc/6.2.8/spring-jdbc-6.2.8.jar:/home/TUP/.m2/repository/org/hibernate/orm/hibernate-core/6.6.18.Final/hibernate-core-6.6.18.Final.jar:/home/TUP/.m2/repository/jakarta/persistence/jakarta.persistence-api/3.1.0/jakarta.persistence-api-3.1.0.jar:/home/TUP/.m2/repository/jakarta/transaction/jakarta.transaction-api/2.0.1/jakarta.transaction-api-2.0.1.jar:/home/TUP/.m2/repository/org/jboss/logging/jboss-logging/3.6.1.Final/jboss-logging-3.6.1.Final.jar:/home/TUP/.m2/repository/org/hibernate/common/hibernate-commons-annotations/7.0.3.Final/hibernate-commons-annotations-7.0.3.Final.jar:/home/TUP/.m2/repository/io/smallrye/jandex/3.2.0/jandex-3.2.0.jar:/home/TUP/.m2/repository/com/fasterxml/classmate/1.7.0/classmate-1.7.0.jar:/home/TUP/.m2/repository/net/bytebuddy/byte-buddy/1.17.6/byte-buddy-1.17.6.jar:/home/TUP/.m2/repository/org/glassfish/jaxb/jaxb-runtime/4.0.5/jaxb-runtime-4.0.5.jar:/home/TUP/.m2/repository/org/glassfish/jaxb/jaxb-core/4.0.5/jaxb-core-4.0.5.jar:/home/TUP/.m2/repository/org/eclipse/angus/angus-activation/2.0.2/angus-activation-2.0.2.jar:/home/TUP/.m2/repository/org/glassfish/jaxb/txw2/4.0.5/txw2-4.0.5.jar:/home/TUP/.m2/repository/com/sun/istack/istack-commons-runtime/4.1.2/istack-commons-runtime-4.1.2.jar:/home/TUP/.m2/repository/jakarta/inject/jakarta.inject-api/2.0.1/jakarta.inject-api-2.0.1.jar:/home/TUP/.m2/repository/org/antlr/antlr4-runtime/4.13.0/antlr4-runtime-4.13.0.jar:/home/TUP/.m2/repository/org/springframework/data/spring-data-jpa/3.5.1/spring-data-jpa-3.5.1.jar:/home/TUP/.m2/repository/org/springframework/data/spring-data-commons/3.5.1/spring-data-commons-3.5.1.jar:/home/TUP/.m2/repository/org/springframework/spring-orm/6.2.8/spring-orm-6.2.8.jar:/home/TUP/.m2/repository/org/springframework/spring-context/6.2.8/spring-context-6.2.8.jar:/home/TUP/.m2/repository/org/springframework/spring-tx/6.2.8/spring-tx-6.2.8.jar:/home/TUP/.m2/repository/org/springframework/spring-beans/6.2.8/spring-beans-6.2.8.jar:/home/TUP/.m2/repository/org/slf4j/slf4j-api/2.0.17/slf4j-api-2.0.17.jar:/home/TUP/.m2/repository/org/springframework/spring-aspects/6.2.8/spring-aspects-6.2.8.jar:/home/TUP/.m2/repository/org/aspectj/aspectjweaver/1.9.24/aspectjweaver-1.9.24.jar:/home/TUP/.m2/repository/org/springframework/boot/spring-boot-starter-actuator/3.5.3/spring-boot-starter-actuator-3.5.3.jar:/home/TUP/.m2/repository/org/springframework/boot/spring-boot-actuator-autoconfigure/3.5.3/spring-boot-actuator-autoconfigure-3.5.3.jar:/home/TUP/.m2/repository/org/springframework/boot/spring-boot-actuator/3.5.3/spring-boot-actuator-3.5.3.jar:/home/TUP/.m2/repository/com/fasterxml/jackson/core/jackson-databind/2.19.1/jackson-databind-2.19.1.jar:/home/TUP/.m2/repository/com/fasterxml/jackson/core/jackson-annotations/2.19.1/jackson-annotations-2.19.1.jar:/home/TUP/.m2/repository/com/fasterxml/jackson/datatype/jackson-datatype-jsr310/2.19.1/jackson-datatype-jsr310-2.19.1.jar:/home/TUP/.m2/repository/io/micrometer/micrometer-observation/1.15.1/micrometer-observation-1.15.1.jar:/home/TUP/.m2/repository/io/micrometer/micrometer-commons/1.15.1/micrometer-commons-1.15.1.jar:/home/TUP/.m2/repository/io/micrometer/micrometer-jakarta9/1.15.1/micrometer-jakarta9-1.15.1.jar:/home/TUP/.m2/repository/io/micrometer/micrometer-core/1.15.1/micrometer-core-1.15.1.jar:/home/TUP/.m2/repository/org/hdrhistogram/HdrHistogram/2.2.2/HdrHistogram-2.2.2.jar:/home/TUP/.m2/repository/org/latencyutils/LatencyUtils/2.0.3/LatencyUtils-2.0.3.jar:/home/TUP/.m2/repository/org/springframework/boot/spring-boot-starter-validation/3.5.3/spring-boot-starter-validation-3.5.3.jar:/home/TUP/.m2/repository/org/apache/tomcat/embed/tomcat-embed-el/10.1.42/tomcat-embed-el-10.1.42.jar:/home/TUP/.m2/repository/org/hibernate/validator/hibernate-validator/8.0.2.Final/hibernate-validator-8.0.2.Final.jar:/home/TUP/.m2/repository/jakarta/validation/jakarta.validation-api/3.0.2/jakarta.validation-api-3.0.2.jar:/home/TUP/.m2/repository/org/springframework/boot/spring-boot-starter-security/3.5.3/spring-boot-starter-security-3.5.3.jar:/home/TUP/.m2/repository/org/springframework/spring-aop/6.2.8/spring-aop-6.2.8.jar:/home/TUP/.m2/repository/org/springframework/security/spring-security-config/6.5.1/spring-security-config-6.5.1.jar:/home/TUP/.m2/repository/org/springframework/security/spring-security-web/6.5.1/spring-security-web-6.5.1.jar:/home/TUP/.m2/repository/org/springframework/spring-expression/6.2.8/spring-expression-6.2.8.jar:/home/TUP/.m2/repository/org/springframework/boot/spring-boot-devtools/3.5.3/spring-boot-devtools-3.5.3.jar:/home/TUP/.m2/repository/org/springframework/boot/spring-boot/3.5.3/spring-boot-3.5.3.jar:/home/TUP/.m2/repository/org/postgresql/postgresql/42.7.3/postgresql-42.7.3.jar:/home/TUP/.m2/repository/org/checkerframework/checker-qual/3.42.0/checker-qual-3.42.0.jar:/home/TUP/.m2/repository/org/springframework/boot/spring-boot-starter-test/3.5.3/spring-boot-starter-test-3.5.3.jar:/home/TUP/.m2/repository/org/springframework/boot/spring-boot-test/3.5.3/spring-boot-test-3.5.3.jar:/home/TUP/.m2/repository/org/springframework/boot/spring-boot-test-autoconfigure/3.5.3/spring-boot-test-autoconfigure-3.5.3.jar:/home/TUP/.m2/repository/com/jayway/jsonpath/json-path/2.9.0/json-path-2.9.0.jar:/home/TUP/.m2/repository/jakarta/xml/bind/jakarta.xml.bind-api/4.0.2/jakarta.xml.bind-api-4.0.2.jar:/home/TUP/.m2/repository/jakarta/activation/jakarta.activation-api/2.1.3/jakarta.activation-api-2.1.3.jar:/home/TUP/.m2/repository/net/minidev/json-smart/2.5.2/json-smart-2.5.2.jar:/home/TUP/.m2/repository/net/minidev/accessors-smart/2.5.2/accessors-smart-2.5.2.jar:/home/TUP/.m2/repository/org/assertj/assertj-core/3.27.3/assertj-core-3.27.3.jar:/home/TUP/.m2/repository/org/awaitility/awaitility/4.2.2/awaitility-4.2.2.jar:/home/TUP/.m2/repository/org/hamcrest/hamcrest/3.0/hamcrest-3.0.jar:/home/TUP/.m2/repository/org/junit/jupiter/junit-jupiter/5.12.2/junit-jupiter-5.12.2.jar:/home/TUP/.m2/repository/org/junit/jupiter/junit-jupiter-api/5.12.2/junit-jupiter-api-5.12.2.jar:/home/TUP/.m2/repository/org/opentest4j/opentest4j/1.3.0/opentest4j-1.3.0.jar:/home/TUP/.m2/repository/org/junit/platform/junit-platform-commons/1.12.2/junit-platform-commons-1.12.2.jar:/home/TUP/.m2/repository/org/apiguardian/apiguardian-api/1.1.2/apiguardian-api-1.1.2.jar:/home/TUP/.m2/repository/org/junit/jupiter/junit-jupiter-params/5.12.2/junit-jupiter-params-5.12.2.jar:/home/TUP/.m2/repository/org/junit/jupiter/junit-jupiter-engine/5.12.2/junit-jupiter-engine-5.12.2.jar:/home/TUP/.m2/repository/org/junit/platform/junit-platform-engine/1.12.2/junit-platform-engine-1.12.2.jar:/home/TUP/.m2/repository/org/mockito/mockito-core/5.17.0/mockito-core-5.17.0.jar:/home/TUP/.m2/repository/net/bytebuddy/byte-buddy-agent/1.17.6/byte-buddy-agent-1.17.6.jar:/home/TUP/.m2/repository/org/objenesis/objenesis/3.3/objenesis-3.3.jar:/home/TUP/.m2/repository/org/mockito/mockito-junit-jupiter/5.17.0/mockito-junit-jupiter-5.17.0.jar:/home/TUP/.m2/repository/org/skyscreamer/jsonassert/1.5.3/jsonassert-1.5.3.jar:/home/TUP/.m2/repository/com/vaadin/external/google/android-json/0.0.20131108.vaadin1/android-json-0.0.20131108.vaadin1.jar:/home/TUP/.m2/repository/org/springframework/spring-core/6.2.8/spring-core-6.2.8.jar:/home/TUP/.m2/repository/org/springframework/spring-jcl/6.2.8/spring-jcl-6.2.8.jar:/home/TUP/.m2/repository/org/springframework/spring-test/6.2.8/spring-test-6.2.8.jar:/home/TUP/.m2/repository/org/xmlunit/xmlunit-core/2.10.2/xmlunit-core-2.10.2.jar:/home/TUP/.m2/repository/org/springframework/security/spring-security-test/6.5.1/spring-security-test-6.5.1.jar:/home/TUP/.m2/repository/org/springframework/security/spring-security-core/6.5.1/spring-security-core-6.5.1.jar:/home/TUP/.m2/repository/org/springframework/security/spring-security-crypto/6.5.1/spring-security-crypto-6.5.1.jar:/home/TUP/.m2/repository/org/testcontainers/junit-jupiter/1.21.2/junit-jupiter-1.21.2.jar:/home/TUP/.m2/repository/org/testcontainers/testcontainers/1.21.2/testcontainers-1.21.2.jar:/home/TUP/.m2/repository/junit/junit/4.13.2/junit-4.13.2.jar:/home/TUP/.m2/repository/org/hamcrest/hamcrest-core/3.0/hamcrest-core-3.0.jar:/home/TUP/.m2/repository/org/apache/commons/commons-compress/1.24.0/commons-compress-1.24.0.jar:/home/TUP/.m2/repository/org/rnorth/duct-tape/duct-tape/1.0.8/duct-tape-1.0.8.jar:/home/TUP/.m2/repository/org/jetbrains/annotations/17.0.0/annotations-17.0.0.jar:/home/TUP/.m2/repository/com/github/docker-java/docker-java-api/3.4.2/docker-java-api-3.4.2.jar:/home/TUP/.m2/repository/com/github/docker-java/docker-java-transport-zerodep/3.4.2/docker-java-transport-zerodep-3.4.2.jar:/home/TUP/.m2/repository/com/github/docker-java/docker-java-transport/3.4.2/docker-java-transport-3.4.2.jar:/home/TUP/.m2/repository/net/java/dev/jna/jna/5.15.0/jna-5.15.0.jar:/home/TUP/.m2/repository/org/testcontainers/postgresql/1.21.2/postgresql-1.21.2.jar:/home/TUP/.m2/repository/org/testcontainers/jdbc/1.21.2/jdbc-1.21.2.jar:/home/TUP/.m2/repository/org/testcontainers/database-commons/1.21.2/database-commons-1.21.2.jar:/home/TUP/.m2/repository/org/springframework/boot/spring-boot-testcontainers/3.5.3/spring-boot-testcontainers-3.5.3.jar:/home/TUP/.m2/repository/com/tngtech/archunit/archunit-junit5/1.4.1/archunit-junit5-1.4.1.jar:/home/TUP/.m2/repository/com/tngtech/archunit/archunit-junit5-api/1.4.1/archunit-junit5-api-1.4.1.jar:/home/TUP/.m2/repository/com/tngtech/archunit/archunit/1.4.1/archunit-1.4.1.jar:/home/TUP/.m2/repository/com/tngtech/archunit/archunit-junit5-engine/1.4.1/archunit-junit5-engine-1.4.1.jar:/home/TUP/.m2/repository/com/tngtech/archunit/archunit-junit5-engine-api/1.4.1/archunit-junit5-engine-api-1.4.1.jar:"/>
    <property name="sun.cpu.endian" value="little"/>
    <property name="user.home" value="/home/TUP"/>
    <property name="user.language" value="es"/>
    <property name="java.specification.vendor" value="Oracle Corporation"/>
    <property name="java.version.date" value="2025-04-15"/>
    <property name="java.home" value="/usr/lib/jvm/java-21-openjdk-amd64"/>
    <property name="file.separator" value="/"/>
    <property name="basedir" value="/home/TUP/Escritorio/Projects/TUP/todo-app"/>
    <property name="java.vm.compressedOopsMode" value="32-bit"/>
    <property name="line.separator" value="&#10;"/>
    <property name="java.specification.name" value="Java Platform API Specification"/>
    <property name="java.vm.specification.vendor" value="Oracle Corporation"/>
    <property name="surefire.real.class.path" value="/home/TUP/Escritorio/Projects/TUP/todo-app/target/surefire/surefirebooter-20250701102153147_3.jar"/>
    <property name="sun.management.compiler" value="HotSpot 64-Bit Tiered Compilers"/>
    <property name="java.runtime.version" value="21.0.7+6-Ubuntu-0ubuntu120.04"/>
    <property name="user.name" value="TUP"/>
    <property name="stdout.encoding" value="UTF-8"/>
    <property name="path.separator" value=":"/>
    <property name="os.version" value="5.4.0-216-generic"/>
    <property name="java.runtime.name" value="OpenJDK Runtime Environment"/>
    <property name="file.encoding" value="UTF-8"/>
    <property name="java.vm.name" value="OpenJDK 64-Bit Server VM"/>
    <property name="localRepository" value="/home/TUP/.m2/repository"/>
    <property name="java.vendor.url.bug" value="https://bugs.launchpad.net/ubuntu/+source/openjdk-21"/>
    <property name="java.io.tmpdir" value="/tmp"/>
    <property name="java.version" value="21.0.7"/>
    <property name="user.dir" value="/home/TUP/Escritorio/Projects/TUP/todo-app"/>
    <property name="os.arch" value="amd64"/>
    <property name="java.vm.specification.name" value="Java Virtual Machine Specification"/>
    <property name="native.encoding" value="UTF-8"/>
    <property name="java.library.path" value="/usr/java/packages/lib:/usr/lib/x86_64-linux-gnu/jni:/lib/x86_64-linux-gnu:/usr/lib/x86_64-linux-gnu:/usr/lib/jni:/lib:/usr/lib"/>
    <property name="java.vm.info" value="mixed mode, sharing"/>
    <property name="stderr.encoding" value="UTF-8"/>
    <property name="java.vendor" value="Ubuntu"/>
    <property name="java.vm.version" value="21.0.7+6-Ubuntu-0ubuntu120.04"/>
    <property name="sun.io.unicode.encoding" value="UnicodeLittle"/>
    <property name="java.class.version" value="65.0"/>
  </properties>
  <testcase name="security_package_should_not_depend_on_other_application_classes" classname="frp.utn.tp.ArchitectureTest" time="0.297">
    <system-out><![CDATA[10:21:57.033 [main] INFO com.tngtech.archunit.core.PluginLoader -- Detected Java version 21.0.7
]]></system-out>
  </testcase>
  <testcase name="repositories_should_only_be_used_by_application_services_and_other_domain_classes" classname="frp.utn.tp.ArchitectureTest" time="0.845"/>
  <testcase name="repositories_should_only_be_called_by_transactional_methods" classname="frp.utn.tp.ArchitectureTest" time="0.082">
    <failure message="Architecture Violation [Priority: MEDIUM] - Rule &apos;methods that are declared in classes that are assignable to org.springframework.data.repository.Repository should only be called by methods that annotated with @Transactional&apos; was violated (1 times):&#10;Method &lt;frp.utn.tp.taskmanagement.service.PersonService.list(org.springframework.data.domain.Pageable)&gt; calls method &lt;frp.utn.tp.taskmanagement.domain.PersonRepository.findAllBy(org.springframework.data.domain.Pageable)&gt; in (PersonService.java:48)" type="java.lang.AssertionError"><![CDATA[java.lang.AssertionError: 
Architecture Violation [Priority: MEDIUM] - Rule 'methods that are declared in classes that are assignable to org.springframework.data.repository.Repository should only be called by methods that annotated with @Transactional' was violated (1 times):
Method <frp.utn.tp.taskmanagement.service.PersonService.list(org.springframework.data.domain.Pageable)> calls method <frp.utn.tp.taskmanagement.domain.PersonRepository.findAllBy(org.springframework.data.domain.Pageable)> in (PersonService.java:48)
	at com.tngtech.archunit.lang.ArchRule$Assertions.assertNoViolation(ArchRule.java:94)
	at com.tngtech.archunit.lang.ArchRule$Assertions.check(ArchRule.java:86)
	at com.tngtech.archunit.lang.ArchRule$Factory$SimpleArchRule.check(ArchRule.java:165)
	at com.tngtech.archunit.lang.syntax.ObjectsShouldInternal.check(ObjectsShouldInternal.java:81)
	at frp.utn.tp.ArchitectureTest.repositories_should_only_be_called_by_transactional_methods(ArchitectureTest.java:42)
	at java.base/java.lang.reflect.Method.invoke(Method.java:580)
	at java.base/java.util.ArrayList.forEach(ArrayList.java:1596)
	at java.base/java.util.ArrayList.forEach(ArrayList.java:1596)
]]></failure>
  </testcase>
  <testcase name="domain_model_should_not_depend_on_the_user_interface" classname="frp.utn.tp.ArchitectureTest" time="0.026"/>
  <testcase name="application_services_should_not_depend_on_the_user_interface" classname="frp.utn.tp.ArchitectureTest" time="0.01"/>
  <testcase name="domain_model_should_not_depend_on_application_services" classname="frp.utn.tp.ArchitectureTest" time="0.134"/>
  <testcase name="there_should_not_be_circular_dependencies_between_feature_packages" classname="frp.utn.tp.ArchitectureTest" time="0.42"/>
</testsuite>